{"/home/travis/build/npmtest/node-npmtest-apiai/test.js":{"path":"/home/travis/build/npmtest/node-npmtest-apiai/test.js","s":{"1":2,"2":2,"3":2,"4":2,"5":2,"6":2,"7":2,"8":1,"9":2,"10":2,"11":1,"12":1,"13":1,"14":1,"15":2,"16":2,"17":2,"18":2,"19":1,"20":1,"21":2,"22":2,"23":2,"24":1,"25":1,"26":1,"27":1,"28":1,"29":1,"30":1,"31":1,"32":1,"33":1,"34":1,"35":1,"36":1,"37":1,"38":1,"39":2,"40":2,"41":1,"42":2,"43":2,"44":1,"45":2,"46":2,"47":1,"48":2,"49":2,"50":1,"51":1,"52":1,"53":1,"54":1},"b":{"1":[2,1,1,1],"2":[1,1,1,1],"3":[1,1],"4":[1,1],"5":[1,1],"6":[1,1],"7":[1,1],"8":[1,1],"9":[1,1],"10":[1,1,1],"11":[1,1],"12":[1,1],"13":[1,1],"14":[1,1],"15":[1,1],"16":[1,1],"17":[1,1]},"f":{"1":2,"2":2,"3":2,"4":2,"5":2,"6":1,"7":1,"8":1,"9":2,"10":2,"11":2,"12":2,"13":1},"fnMap":{"1":{"name":"(anonymous_1)","line":12,"loc":{"start":{"line":12,"column":1},"end":{"line":12,"column":13}}},"2":{"name":"(anonymous_2)","line":19,"loc":{"start":{"line":19,"column":5},"end":{"line":19,"column":17}}},"3":{"name":"(anonymous_3)","line":23,"loc":{"start":{"line":23,"column":24},"end":{"line":23,"column":36}}},"4":{"name":"(anonymous_4)","line":61,"loc":{"start":{"line":61,"column":5},"end":{"line":61,"column":17}}},"5":{"name":"(anonymous_5)","line":82,"loc":{"start":{"line":82,"column":5},"end":{"line":82,"column":17}}},"6":{"name":"(anonymous_6)","line":91,"loc":{"start":{"line":91,"column":77},"end":{"line":94,"column":10}}},"7":{"name":"(anonymous_7)","line":112,"loc":{"start":{"line":112,"column":83},"end":{"line":115,"column":10}},"skip":true},"8":{"name":"(anonymous_8)","line":123,"loc":{"start":{"line":123,"column":77},"end":{"line":126,"column":10}},"skip":true},"9":{"name":"(anonymous_9)","line":139,"loc":{"start":{"line":139,"column":12},"end":{"line":139,"column":40}},"skip":true},"10":{"name":"(anonymous_10)","line":147,"loc":{"start":{"line":147,"column":77},"end":{"line":150,"column":10}},"skip":true},"11":{"name":"(anonymous_11)","line":158,"loc":{"start":{"line":158,"column":83},"end":{"line":161,"column":10}},"skip":true},"12":{"name":"(anonymous_12)","line":169,"loc":{"start":{"line":169,"column":79},"end":{"line":172,"column":10}},"skip":true},"13":{"name":"(anonymous_13)","line":180,"loc":{"start":{"line":180,"column":75},"end":{"line":183,"column":10}},"skip":true}},"statementMap":{"1":{"start":{"line":12,"column":0},"end":{"line":195,"column":5}},"2":{"start":{"line":14,"column":4},"end":{"line":14,"column":14}},"3":{"start":{"line":19,"column":4},"end":{"line":56,"column":9}},"4":{"start":{"line":21,"column":8},"end":{"line":21,"column":19}},"5":{"start":{"line":23,"column":8},"end":{"line":35,"column":13}},"6":{"start":{"line":24,"column":12},"end":{"line":34,"column":13}},"7":{"start":{"line":25,"column":16},"end":{"line":28,"column":30}},"8":{"start":{"line":30,"column":16},"end":{"line":33,"column":27}},"9":{"start":{"line":37,"column":8},"end":{"line":39,"column":21}},"10":{"start":{"line":40,"column":8},"end":{"line":53,"column":9}},"11":{"start":{"line":43,"column":12},"end":{"line":46,"column":14}},"12":{"start":{"line":47,"column":12},"end":{"line":47,"column":18}},"13":{"start":{"line":50,"column":12},"end":{"line":51,"column":33}},"14":{"start":{"line":52,"column":12},"end":{"line":52,"column":18}},"15":{"start":{"line":55,"column":8},"end":{"line":55,"column":35}},"16":{"start":{"line":61,"column":4},"end":{"line":63,"column":9}},"17":{"start":{"line":62,"column":8},"end":{"line":62,"column":15}},"18":{"start":{"line":64,"column":4},"end":{"line":77,"column":5}},"19":{"start":{"line":70,"column":8},"end":{"line":70,"column":14}},"20":{"start":{"line":76,"column":8},"end":{"line":76,"column":14}},"21":{"start":{"line":82,"column":4},"end":{"line":84,"column":9}},"22":{"start":{"line":83,"column":8},"end":{"line":83,"column":15}},"23":{"start":{"line":85,"column":4},"end":{"line":194,"column":5}},"24":{"start":{"line":91,"column":8},"end":{"line":99,"column":10}},"25":{"start":{"line":98,"column":12},"end":{"line":98,"column":35}},"26":{"start":{"line":102,"column":8},"end":{"line":104,"column":63}},"27":{"start":{"line":105,"column":8},"end":{"line":105,"column":14}},"28":{"start":{"line":112,"column":8},"end":{"line":121,"column":10},"skip":true},"29":{"start":{"line":119,"column":12},"end":{"line":119,"column":55},"skip":true},"30":{"start":{"line":120,"column":12},"end":{"line":120,"column":48},"skip":true},"31":{"start":{"line":123,"column":8},"end":{"line":136,"column":10},"skip":true},"32":{"start":{"line":130,"column":12},"end":{"line":130,"column":76},"skip":true},"33":{"start":{"line":131,"column":12},"end":{"line":131,"column":73},"skip":true},"34":{"start":{"line":132,"column":12},"end":{"line":132,"column":74},"skip":true},"35":{"start":{"line":133,"column":12},"end":{"line":133,"column":79},"skip":true},"36":{"start":{"line":134,"column":12},"end":{"line":134,"column":25},"skip":true},"37":{"start":{"line":135,"column":12},"end":{"line":135,"column":45},"skip":true},"38":{"start":{"line":138,"column":8},"end":{"line":145,"column":14},"skip":true},"39":{"start":{"line":143,"column":16},"end":{"line":143,"column":29},"skip":true},"40":{"start":{"line":144,"column":16},"end":{"line":144,"column":55},"skip":true},"41":{"start":{"line":147,"column":8},"end":{"line":156,"column":10},"skip":true},"42":{"start":{"line":154,"column":12},"end":{"line":154,"column":25},"skip":true},"43":{"start":{"line":155,"column":12},"end":{"line":155,"column":45},"skip":true},"44":{"start":{"line":158,"column":8},"end":{"line":167,"column":10},"skip":true},"45":{"start":{"line":165,"column":12},"end":{"line":165,"column":25},"skip":true},"46":{"start":{"line":166,"column":12},"end":{"line":166,"column":48},"skip":true},"47":{"start":{"line":169,"column":8},"end":{"line":178,"column":10},"skip":true},"48":{"start":{"line":176,"column":12},"end":{"line":176,"column":25},"skip":true},"49":{"start":{"line":177,"column":12},"end":{"line":177,"column":46},"skip":true},"50":{"start":{"line":180,"column":8},"end":{"line":189,"column":10},"skip":true},"51":{"start":{"line":187,"column":12},"end":{"line":187,"column":94},"skip":true},"52":{"start":{"line":188,"column":12},"end":{"line":188,"column":48},"skip":true},"53":{"start":{"line":192,"column":8},"end":{"line":192,"column":35},"skip":true},"54":{"start":{"line":193,"column":8},"end":{"line":193,"column":14},"skip":true}},"branchMap":{"1":{"line":25,"type":"binary-expr","locations":[{"start":{"line":25,"column":23},"end":{"line":25,"column":62}},{"start":{"line":26,"column":20},"end":{"line":26,"column":70}},{"start":{"line":27,"column":20},"end":{"line":27,"column":71}},{"start":{"line":28,"column":20},"end":{"line":28,"column":29}}]},"2":{"line":30,"type":"binary-expr","locations":[{"start":{"line":30,"column":23},"end":{"line":30,"column":37}},{"start":{"line":31,"column":20},"end":{"line":31,"column":61}},{"start":{"line":32,"column":20},"end":{"line":32,"column":70}},{"start":{"line":33,"column":20},"end":{"line":33,"column":26}}]},"3":{"line":37,"type":"cond-expr","locations":[{"start":{"line":38,"column":14},"end":{"line":38,"column":20}},{"start":{"line":39,"column":14},"end":{"line":39,"column":20}}]},"4":{"line":40,"type":"switch","locations":[{"start":{"line":42,"column":8},"end":{"line":47,"column":18}},{"start":{"line":49,"column":8},"end":{"line":52,"column":18}}]},"5":{"line":44,"type":"binary-expr","locations":[{"start":{"line":44,"column":16},"end":{"line":44,"column":44}},{"start":{"line":44,"column":48},"end":{"line":44,"column":66}}]},"6":{"line":50,"type":"binary-expr","locations":[{"start":{"line":50,"column":21},"end":{"line":50,"column":49}},{"start":{"line":50,"column":53},"end":{"line":50,"column":72}}]},"7":{"line":64,"type":"switch","locations":[{"start":{"line":69,"column":4},"end":{"line":70,"column":14}},{"start":{"line":75,"column":4},"end":{"line":76,"column":14}}]},"8":{"line":85,"type":"switch","locations":[{"start":{"line":90,"column":4},"end":{"line":105,"column":14}},{"start":{"line":111,"column":4},"end":{"line":193,"column":14},"skip":true}]},"9":{"line":91,"type":"binary-expr","locations":[{"start":{"line":91,"column":42},"end":{"line":91,"column":73}},{"start":{"line":91,"column":77},"end":{"line":99,"column":9}}]},"10":{"line":102,"type":"binary-expr","locations":[{"start":{"line":102,"column":18},"end":{"line":102,"column":32}},{"start":{"line":103,"column":12},"end":{"line":103,"column":53}},{"start":{"line":104,"column":12},"end":{"line":104,"column":61}}]},"11":{"line":112,"type":"binary-expr","locations":[{"start":{"line":112,"column":45},"end":{"line":112,"column":79},"skip":true},{"start":{"line":112,"column":83},"end":{"line":121,"column":9},"skip":true}]},"12":{"line":123,"type":"binary-expr","locations":[{"start":{"line":123,"column":42},"end":{"line":123,"column":73},"skip":true},{"start":{"line":123,"column":77},"end":{"line":136,"column":9},"skip":true}]},"13":{"line":138,"type":"binary-expr","locations":[{"start":{"line":138,"column":48},"end":{"line":138,"column":85},"skip":true},{"start":{"line":139,"column":12},"end":{"line":145,"column":13},"skip":true}]},"14":{"line":147,"type":"binary-expr","locations":[{"start":{"line":147,"column":42},"end":{"line":147,"column":73},"skip":true},{"start":{"line":147,"column":77},"end":{"line":156,"column":9},"skip":true}]},"15":{"line":158,"type":"binary-expr","locations":[{"start":{"line":158,"column":45},"end":{"line":158,"column":79},"skip":true},{"start":{"line":158,"column":83},"end":{"line":167,"column":9},"skip":true}]},"16":{"line":169,"type":"binary-expr","locations":[{"start":{"line":169,"column":43},"end":{"line":169,"column":75},"skip":true},{"start":{"line":169,"column":79},"end":{"line":178,"column":9},"skip":true}]},"17":{"line":180,"type":"binary-expr","locations":[{"start":{"line":180,"column":41},"end":{"line":180,"column":71},"skip":true},{"start":{"line":180,"column":75},"end":{"line":189,"column":9},"skip":true}]}},"code":["/* istanbul instrument in package npmtest_apiai */","/*jslint","    bitwise: true,","    browser: true,","    maxerr: 8,","    maxlen: 96,","    node: true,","    nomen: true,","    regexp: true,","    stupid: true","*/","(function () {","    'use strict';","    var local;","","","","    // run shared js-env code - init-before","    (function () {","        // init local","        local = {};","        // init modeJs","        local.modeJs = (function () {","            try {","                return typeof navigator.userAgent === 'string' &&","                    typeof document.querySelector('body') === 'object' &&","                    typeof XMLHttpRequest.prototype.open === 'function' &&","                    'browser';","            } catch (errorCaughtBrowser) {","                return module.exports &&","                    typeof process.versions.node === 'string' &&","                    typeof require('http').createServer === 'function' &&","                    'node';","            }","        }());","        // init global","        local.global = local.modeJs === 'browser'","            ? window","            : global;","        switch (local.modeJs) {","        // re-init local from window.local","        case 'browser':","            local = local.global.utility2.objectSetDefault(","                local.global.utility2_rollup || local.global.local,","                local.global.utility2","            );","            break;","        // re-init local from example.js","        case 'node':","            local = (local.global.utility2_rollup || require('utility2'))","                .requireReadme();","            break;","        }","        // export local","        local.global.local = local;","    }());","","","","    // run shared js-env code - function","    (function () {","        return;","    }());","    switch (local.modeJs) {","","","","    // run browser js-env code - function","    case 'browser':","        break;","","","","    // run node js-env code - function","    case 'node':","        break;","    }","","","","    // run shared js-env code - init-after","    (function () {","        return;","    }());","    switch (local.modeJs) {","","","","    // run browser js-env code - init-after","    case 'browser':","        local.testCase_browser_nullCase = local.testCase_browser_nullCase || function (","            options,","            onError","        ) {","        /*","         * this function will test browsers's null-case handling-behavior-behavior","         */","            onError(null, options);","        };","","        // run tests","        local.nop(local.modeTest &&","            document.querySelector('#testRunButton1') &&","            document.querySelector('#testRunButton1').click());","        break;","","","","    // run node js-env code - init-after","    /* istanbul ignore next */","    case 'node':","        local.testCase_buildApidoc_default = local.testCase_buildApidoc_default || function (","            options,","            onError","        ) {","        /*","         * this function will test buildApidoc's default handling-behavior-behavior","         */","            options = { modulePathList: module.paths };","            local.buildApidoc(options, onError);","        };","","        local.testCase_buildApp_default = local.testCase_buildApp_default || function (","            options,","            onError","        ) {","        /*","         * this function will test buildApp's default handling-behavior-behavior","         */","            local.testCase_buildReadme_default(options, local.onErrorThrow);","            local.testCase_buildLib_default(options, local.onErrorThrow);","            local.testCase_buildTest_default(options, local.onErrorThrow);","            local.testCase_buildCustomOrg_default(options, local.onErrorThrow);","            options = [];","            local.buildApp(options, onError);","        };","","        local.testCase_buildCustomOrg_default = local.testCase_buildCustomOrg_default ||","            function (options, onError) {","            /*","             * this function will test buildCustomOrg's default handling-behavior","             */","                options = {};","                local.buildCustomOrg(options, onError);","            };","","        local.testCase_buildLib_default = local.testCase_buildLib_default || function (","            options,","            onError","        ) {","        /*","         * this function will test buildLib's default handling-behavior","         */","            options = {};","            local.buildLib(options, onError);","        };","","        local.testCase_buildReadme_default = local.testCase_buildReadme_default || function (","            options,","            onError","        ) {","        /*","         * this function will test buildReadme's default handling-behavior-behavior","         */","            options = {};","            local.buildReadme(options, onError);","        };","","        local.testCase_buildTest_default = local.testCase_buildTest_default || function (","            options,","            onError","        ) {","        /*","         * this function will test buildTest's default handling-behavior","         */","            options = {};","            local.buildTest(options, onError);","        };","","        local.testCase_webpage_default = local.testCase_webpage_default || function (","            options,","            onError","        ) {","        /*","         * this function will test webpage's default handling-behavior","         */","            options = { modeCoverageMerge: true, url: local.serverLocalHost + '?modeTest=1' };","            local.browserTest(options, onError);","        };","","        // run test-server","        local.testRunServer(local);","        break;","    }","}());",""],"l":{"12":2,"14":2,"19":2,"21":2,"23":2,"24":2,"25":2,"30":1,"37":2,"40":2,"43":1,"47":1,"50":1,"52":1,"55":2,"61":2,"62":2,"64":2,"70":1,"76":1,"82":2,"83":2,"85":2,"91":1,"98":1,"102":1,"105":1,"112":1,"119":1,"120":1,"123":1,"130":1,"131":1,"132":1,"133":1,"134":1,"135":1,"138":1,"143":2,"144":2,"147":1,"154":2,"155":2,"158":1,"165":2,"166":2,"169":1,"176":2,"177":2,"180":1,"187":1,"188":1,"192":1,"193":1}},"/home/travis/build/npmtest/node-npmtest-apiai/lib.npmtest_apiai.js":{"path":"/home/travis/build/npmtest/node-npmtest-apiai/lib.npmtest_apiai.js","s":{"1":2,"2":2,"3":2,"4":2,"5":2,"6":2,"7":2,"8":1,"9":2,"10":2,"11":2,"12":2,"13":1,"14":1,"15":1,"16":1},"b":{"1":[2,1,1,1],"2":[1,1,1,1],"3":[1,1],"4":[2,2],"5":[1,1]},"f":{"1":2,"2":2,"3":2},"fnMap":{"1":{"name":"(anonymous_1)","line":12,"loc":{"start":{"line":12,"column":1},"end":{"line":12,"column":13}}},"2":{"name":"(anonymous_2)","line":19,"loc":{"start":{"line":19,"column":5},"end":{"line":19,"column":17}}},"3":{"name":"(anonymous_3)","line":23,"loc":{"start":{"line":23,"column":24},"end":{"line":23,"column":36}}}},"statementMap":{"1":{"start":{"line":12,"column":0},"end":{"line":53,"column":5}},"2":{"start":{"line":14,"column":4},"end":{"line":14,"column":14}},"3":{"start":{"line":19,"column":4},"end":{"line":52,"column":9}},"4":{"start":{"line":21,"column":8},"end":{"line":21,"column":19}},"5":{"start":{"line":23,"column":8},"end":{"line":35,"column":13}},"6":{"start":{"line":24,"column":12},"end":{"line":34,"column":13}},"7":{"start":{"line":25,"column":16},"end":{"line":28,"column":30}},"8":{"start":{"line":30,"column":16},"end":{"line":33,"column":27}},"9":{"start":{"line":37,"column":8},"end":{"line":39,"column":21}},"10":{"start":{"line":41,"column":8},"end":{"line":41,"column":54}},"11":{"start":{"line":43,"column":8},"end":{"line":43,"column":50}},"12":{"start":{"line":45,"column":8},"end":{"line":51,"column":9}},"13":{"start":{"line":46,"column":12},"end":{"line":46,"column":56}},"14":{"start":{"line":48,"column":12},"end":{"line":48,"column":35}},"15":{"start":{"line":49,"column":12},"end":{"line":49,"column":49}},"16":{"start":{"line":50,"column":12},"end":{"line":50,"column":43}}},"branchMap":{"1":{"line":25,"type":"binary-expr","locations":[{"start":{"line":25,"column":23},"end":{"line":25,"column":62}},{"start":{"line":26,"column":20},"end":{"line":26,"column":70}},{"start":{"line":27,"column":20},"end":{"line":27,"column":71}},{"start":{"line":28,"column":20},"end":{"line":28,"column":29}}]},"2":{"line":30,"type":"binary-expr","locations":[{"start":{"line":30,"column":23},"end":{"line":30,"column":37}},{"start":{"line":31,"column":20},"end":{"line":31,"column":61}},{"start":{"line":32,"column":20},"end":{"line":32,"column":70}},{"start":{"line":33,"column":20},"end":{"line":33,"column":26}}]},"3":{"line":37,"type":"cond-expr","locations":[{"start":{"line":38,"column":14},"end":{"line":38,"column":20}},{"start":{"line":39,"column":14},"end":{"line":39,"column":20}}]},"4":{"line":41,"type":"binary-expr","locations":[{"start":{"line":41,"column":16},"end":{"line":41,"column":44}},{"start":{"line":41,"column":48},"end":{"line":41,"column":53}}]},"5":{"line":45,"type":"if","locations":[{"start":{"line":45,"column":8},"end":{"line":45,"column":8}},{"start":{"line":45,"column":8},"end":{"line":45,"column":8}}]}},"code":["/* istanbul instrument in package npmtest_apiai */","/*jslint","    bitwise: true,","    browser: true,","    maxerr: 8,","    maxlen: 96,","    node: true,","    nomen: true,","    regexp: true,","    stupid: true","*/","(function () {","    'use strict';","    var local;","","","","    // run shared js-env code - init-before","    (function () {","        // init local","        local = {};","        // init modeJs","        local.modeJs = (function () {","            try {","                return typeof navigator.userAgent === 'string' &&","                    typeof document.querySelector('body') === 'object' &&","                    typeof XMLHttpRequest.prototype.open === 'function' &&","                    'browser';","            } catch (errorCaughtBrowser) {","                return module.exports &&","                    typeof process.versions.node === 'string' &&","                    typeof require('http').createServer === 'function' &&","                    'node';","            }","        }());","        // init global","        local.global = local.modeJs === 'browser'","            ? window","            : global;","        // init utility2_rollup","        local = local.global.utility2_rollup || local;","        // init lib","        local.local = local.npmtest_apiai = local;","        // init exports","        if (local.modeJs === 'browser') {","            local.global.utility2_npmtest_apiai = local;","        } else {","            module.exports = local;","            module.exports.__dirname = __dirname;","            module.exports.module = module;","        }","    }());","}());",""],"l":{"12":2,"14":2,"19":2,"21":2,"23":2,"24":2,"25":2,"30":1,"37":2,"41":2,"43":2,"45":2,"46":1,"48":1,"49":1,"50":1}},"/home/travis/build/npmtest/node-npmtest-apiai/example.js":{"path":"/home/travis/build/npmtest/node-npmtest-apiai/example.js","s":{"1":2,"2":2,"3":2,"4":2,"5":2,"6":2,"7":2,"8":1,"9":2,"10":2,"11":2,"12":2,"13":1,"14":2,"15":2,"16":2,"17":2,"18":2,"19":0,"20":2,"21":1,"22":1,"23":1,"24":1,"25":1,"26":0,"27":0,"28":1,"29":1,"30":2,"31":0,"32":0,"33":0,"34":1,"35":2,"36":2,"37":3,"38":3,"39":3,"40":3,"41":0,"42":3,"43":3,"44":3,"45":1,"46":3,"47":1,"48":1,"49":1,"50":1,"51":1,"52":1,"53":1,"54":1,"55":1,"56":1,"57":0,"58":1,"59":6,"60":6,"61":1,"62":2,"63":0,"64":2,"65":1,"66":1,"67":0,"68":0,"69":0,"70":0,"71":0,"72":0,"73":0,"74":0,"75":0,"76":0,"77":0,"78":0,"79":0,"80":0,"81":0,"82":0,"83":0},"b":{"1":[2,1,1,1],"2":[1,1,1,1],"3":[1,1],"4":[2,2],"5":[1,1],"6":[1,1],"7":[2,0],"8":[2,1,1,1,1,1],"9":[0,2,0],"10":[1,1],"11":[2,1,1],"12":[1,0],"13":[0,2],"14":[2,0,0,0,0,0,0],"15":[0,3],"16":[3,0],"17":[1,1],"18":[0,1],"19":[1,2,0,2],"20":[1,0],"21":[1,1],"22":[0,0],"23":[0,0],"24":[0,0],"25":[0,0],"26":[0,0],"27":[0,0],"28":[0,0]},"f":{"1":2,"2":2,"3":2,"4":2,"5":2,"6":2,"7":3,"8":3,"9":3,"10":1,"11":6,"12":0},"fnMap":{"1":{"name":"(anonymous_1)","line":26,"loc":{"start":{"line":26,"column":1},"end":{"line":26,"column":13}}},"2":{"name":"(anonymous_2)","line":33,"loc":{"start":{"line":33,"column":5},"end":{"line":33,"column":17}}},"3":{"name":"(anonymous_3)","line":37,"loc":{"start":{"line":37,"column":24},"end":{"line":37,"column":36}}},"4":{"name":"(anonymous_4)","line":69,"loc":{"start":{"line":69,"column":31},"end":{"line":69,"column":48}},"skip":true},"5":{"name":"(anonymous_5)","line":78,"loc":{"start":{"line":78,"column":26},"end":{"line":78,"column":45}},"skip":true},"6":{"name":"(anonymous_6)","line":123,"loc":{"start":{"line":123,"column":33},"end":{"line":123,"column":48}},"skip":true},"7":{"name":"(anonymous_7)","line":125,"loc":{"start":{"line":125,"column":27},"end":{"line":125,"column":39}},"skip":true},"8":{"name":"(anonymous_8)","line":133,"loc":{"start":{"line":133,"column":59},"end":{"line":133,"column":74}},"skip":true},"9":{"name":"(anonymous_9)","line":143,"loc":{"start":{"line":143,"column":45},"end":{"line":143,"column":62}},"skip":true},"10":{"name":"(anonymous_10)","line":144,"loc":{"start":{"line":144,"column":73},"end":{"line":144,"column":92}},"skip":true},"11":{"name":"(anonymous_11)","line":272,"loc":{"start":{"line":272,"column":51},"end":{"line":272,"column":77}},"skip":true},"12":{"name":"(anonymous_12)","line":315,"loc":{"start":{"line":315,"column":32},"end":{"line":315,"column":61}},"skip":true}},"statementMap":{"1":{"start":{"line":26,"column":0},"end":{"line":326,"column":5}},"2":{"start":{"line":28,"column":4},"end":{"line":28,"column":14}},"3":{"start":{"line":33,"column":4},"end":{"line":60,"column":9}},"4":{"start":{"line":35,"column":8},"end":{"line":35,"column":19}},"5":{"start":{"line":37,"column":8},"end":{"line":49,"column":13}},"6":{"start":{"line":38,"column":12},"end":{"line":48,"column":13}},"7":{"start":{"line":39,"column":16},"end":{"line":42,"column":30}},"8":{"start":{"line":44,"column":16},"end":{"line":47,"column":27}},"9":{"start":{"line":51,"column":8},"end":{"line":53,"column":21}},"10":{"start":{"line":55,"column":8},"end":{"line":57,"column":45}},"11":{"start":{"line":59,"column":8},"end":{"line":59,"column":35}},"12":{"start":{"line":61,"column":4},"end":{"line":325,"column":5}},"13":{"start":{"line":69,"column":8},"end":{"line":121,"column":10},"skip":true},"14":{"start":{"line":70,"column":12},"end":{"line":88,"column":13},"skip":true},"15":{"start":{"line":76,"column":16},"end":{"line":87,"column":19},"skip":true},"16":{"start":{"line":79,"column":20},"end":{"line":86,"column":21},"skip":true},"17":{"start":{"line":82,"column":24},"end":{"line":82,"column":43},"skip":true},"18":{"start":{"line":83,"column":24},"end":{"line":83,"column":30},"skip":true},"19":{"start":{"line":85,"column":24},"end":{"line":85,"column":49},"skip":true},"20":{"start":{"line":89,"column":12},"end":{"line":107,"column":13},"skip":true},"21":{"start":{"line":92,"column":16},"end":{"line":102,"column":17},"skip":true},"22":{"start":{"line":93,"column":20},"end":{"line":93,"column":86},"skip":true},"23":{"start":{"line":94,"column":20},"end":{"line":95,"column":45},"skip":true},"24":{"start":{"line":96,"column":20},"end":{"line":96,"column":42},"skip":true},"25":{"start":{"line":97,"column":20},"end":{"line":97,"column":48},"skip":true},"26":{"start":{"line":100,"column":20},"end":{"line":100,"column":85},"skip":true},"27":{"start":{"line":101,"column":20},"end":{"line":101,"column":96},"skip":true},"28":{"start":{"line":103,"column":16},"end":{"line":103,"column":22},"skip":true},"29":{"start":{"line":106,"column":16},"end":{"line":106,"column":22},"skip":true},"30":{"start":{"line":108,"column":12},"end":{"line":120,"column":13},"skip":true},"31":{"start":{"line":114,"column":16},"end":{"line":119,"column":17},"skip":true},"32":{"start":{"line":116,"column":20},"end":{"line":116,"column":78},"skip":true},"33":{"start":{"line":118,"column":20},"end":{"line":118,"column":47},"skip":true},"34":{"start":{"line":123,"column":8},"end":{"line":141,"column":11},"skip":true},"35":{"start":{"line":124,"column":12},"end":{"line":124,"column":54},"skip":true},"36":{"start":{"line":125,"column":12},"end":{"line":140,"column":14},"skip":true},"37":{"start":{"line":126,"column":16},"end":{"line":126,"column":28},"skip":true},"38":{"start":{"line":127,"column":16},"end":{"line":127,"column":69},"skip":true},"39":{"start":{"line":128,"column":16},"end":{"line":128,"column":75},"skip":true},"40":{"start":{"line":129,"column":16},"end":{"line":131,"column":17},"skip":true},"41":{"start":{"line":130,"column":20},"end":{"line":130,"column":27},"skip":true},"42":{"start":{"line":133,"column":16},"end":{"line":137,"column":36},"skip":true},"43":{"start":{"line":134,"column":20},"end":{"line":136,"column":55},"skip":true},"44":{"start":{"line":139,"column":16},"end":{"line":139,"column":57},"skip":true},"45":{"start":{"line":143,"column":8},"end":{"line":147,"column":11},"skip":true},"46":{"start":{"line":144,"column":12},"end":{"line":146,"column":15},"skip":true},"47":{"start":{"line":145,"column":16},"end":{"line":145,"column":70},"skip":true},"48":{"start":{"line":149,"column":8},"end":{"line":149,"column":31},"skip":true},"49":{"start":{"line":150,"column":8},"end":{"line":150,"column":14},"skip":true},"50":{"start":{"line":158,"column":8},"end":{"line":158,"column":31},"skip":true},"51":{"start":{"line":160,"column":8},"end":{"line":160,"column":33},"skip":true},"52":{"start":{"line":161,"column":8},"end":{"line":161,"column":37},"skip":true},"53":{"start":{"line":162,"column":8},"end":{"line":162,"column":35},"skip":true},"54":{"start":{"line":164,"column":8},"end":{"line":164,"column":50},"skip":true},"55":{"start":{"line":166,"column":8},"end":{"line":256,"column":2},"skip":true},"56":{"start":{"line":258,"column":8},"end":{"line":286,"column":9},"skip":true},"57":{"start":{"line":259,"column":12},"end":{"line":269,"column":14},"skip":true},"58":{"start":{"line":271,"column":12},"end":{"line":285,"column":19},"skip":true},"59":{"start":{"line":274,"column":20},"end":{"line":274,"column":35},"skip":true},"60":{"start":{"line":275,"column":20},"end":{"line":284,"column":21},"skip":true},"61":{"start":{"line":277,"column":24},"end":{"line":277,"column":64},"skip":true},"62":{"start":{"line":279,"column":24},"end":{"line":279,"column":40},"skip":true},"63":{"start":{"line":281,"column":24},"end":{"line":281,"column":40},"skip":true},"64":{"start":{"line":283,"column":24},"end":{"line":283,"column":39},"skip":true},"65":{"start":{"line":288,"column":8},"end":{"line":290,"column":9},"skip":true},"66":{"start":{"line":289,"column":12},"end":{"line":289,"column":18},"skip":true},"67":{"start":{"line":291,"column":8},"end":{"line":293,"column":54},"skip":true},"68":{"start":{"line":296,"column":8},"end":{"line":301,"column":37},"skip":true},"69":{"start":{"line":303,"column":8},"end":{"line":303,"column":82},"skip":true},"70":{"start":{"line":306,"column":8},"end":{"line":308,"column":9},"skip":true},"71":{"start":{"line":307,"column":12},"end":{"line":307,"column":82},"skip":true},"72":{"start":{"line":310,"column":8},"end":{"line":312,"column":9},"skip":true},"73":{"start":{"line":311,"column":12},"end":{"line":311,"column":18},"skip":true},"74":{"start":{"line":313,"column":8},"end":{"line":313,"column":54},"skip":true},"75":{"start":{"line":314,"column":8},"end":{"line":314,"column":69},"skip":true},"76":{"start":{"line":315,"column":8},"end":{"line":323,"column":36},"skip":true},"77":{"start":{"line":316,"column":12},"end":{"line":316,"column":61},"skip":true},"78":{"start":{"line":317,"column":12},"end":{"line":320,"column":13},"skip":true},"79":{"start":{"line":318,"column":16},"end":{"line":318,"column":75},"skip":true},"80":{"start":{"line":319,"column":16},"end":{"line":319,"column":23},"skip":true},"81":{"start":{"line":321,"column":12},"end":{"line":321,"column":38},"skip":true},"82":{"start":{"line":322,"column":12},"end":{"line":322,"column":27},"skip":true},"83":{"start":{"line":324,"column":8},"end":{"line":324,"column":14},"skip":true}},"branchMap":{"1":{"line":39,"type":"binary-expr","locations":[{"start":{"line":39,"column":23},"end":{"line":39,"column":62}},{"start":{"line":40,"column":20},"end":{"line":40,"column":70}},{"start":{"line":41,"column":20},"end":{"line":41,"column":71}},{"start":{"line":42,"column":20},"end":{"line":42,"column":29}}]},"2":{"line":44,"type":"binary-expr","locations":[{"start":{"line":44,"column":23},"end":{"line":44,"column":37}},{"start":{"line":45,"column":20},"end":{"line":45,"column":61}},{"start":{"line":46,"column":20},"end":{"line":46,"column":70}},{"start":{"line":47,"column":20},"end":{"line":47,"column":26}}]},"3":{"line":51,"type":"cond-expr","locations":[{"start":{"line":52,"column":14},"end":{"line":52,"column":20}},{"start":{"line":53,"column":14},"end":{"line":53,"column":20}}]},"4":{"line":55,"type":"binary-expr","locations":[{"start":{"line":55,"column":16},"end":{"line":55,"column":44}},{"start":{"line":55,"column":49},"end":{"line":57,"column":43}}]},"5":{"line":55,"type":"cond-expr","locations":[{"start":{"line":56,"column":14},"end":{"line":56,"column":49}},{"start":{"line":57,"column":14},"end":{"line":57,"column":43}}]},"6":{"line":61,"type":"switch","locations":[{"start":{"line":68,"column":4},"end":{"line":150,"column":14},"skip":true},{"start":{"line":156,"column":4},"end":{"line":324,"column":14},"skip":true}]},"7":{"line":70,"type":"if","locations":[{"start":{"line":70,"column":12},"end":{"line":70,"column":12},"skip":true},{"start":{"line":70,"column":12},"end":{"line":70,"column":12},"skip":true}]},"8":{"line":70,"type":"binary-expr","locations":[{"start":{"line":70,"column":16},"end":{"line":70,"column":22},"skip":true},{"start":{"line":70,"column":27},"end":{"line":70,"column":32},"skip":true},{"start":{"line":71,"column":20},"end":{"line":71,"column":39},"skip":true},{"start":{"line":72,"column":20},"end":{"line":72,"column":49},"skip":true},{"start":{"line":73,"column":20},"end":{"line":73,"column":58},"skip":true},{"start":{"line":74,"column":20},"end":{"line":74,"column":69},"skip":true}]},"9":{"line":79,"type":"switch","locations":[{"start":{"line":80,"column":20},"end":{"line":80,"column":33},"skip":true},{"start":{"line":81,"column":20},"end":{"line":83,"column":30},"skip":true},{"start":{"line":84,"column":20},"end":{"line":85,"column":49},"skip":true}]},"10":{"line":89,"type":"switch","locations":[{"start":{"line":90,"column":12},"end":{"line":103,"column":22},"skip":true},{"start":{"line":105,"column":12},"end":{"line":106,"column":22},"skip":true}]},"11":{"line":89,"type":"binary-expr","locations":[{"start":{"line":89,"column":20},"end":{"line":89,"column":25},"skip":true},{"start":{"line":89,"column":29},"end":{"line":89,"column":48},"skip":true},{"start":{"line":89,"column":52},"end":{"line":89,"column":74},"skip":true}]},"12":{"line":92,"type":"if","locations":[{"start":{"line":92,"column":16},"end":{"line":92,"column":16},"skip":true},{"start":{"line":92,"column":16},"end":{"line":92,"column":16},"skip":true}]},"13":{"line":108,"type":"if","locations":[{"start":{"line":108,"column":12},"end":{"line":108,"column":12},"skip":true},{"start":{"line":108,"column":12},"end":{"line":108,"column":12},"skip":true}]},"14":{"line":108,"type":"binary-expr","locations":[{"start":{"line":108,"column":16},"end":{"line":108,"column":61},"skip":true},{"start":{"line":108,"column":66},"end":{"line":108,"column":72},"skip":true},{"start":{"line":108,"column":77},"end":{"line":108,"column":82},"skip":true},{"start":{"line":109,"column":20},"end":{"line":109,"column":39},"skip":true},{"start":{"line":110,"column":20},"end":{"line":110,"column":49},"skip":true},{"start":{"line":111,"column":20},"end":{"line":111,"column":58},"skip":true},{"start":{"line":112,"column":20},"end":{"line":112,"column":68},"skip":true}]},"15":{"line":129,"type":"if","locations":[{"start":{"line":129,"column":16},"end":{"line":129,"column":16},"skip":true},{"start":{"line":129,"column":16},"end":{"line":129,"column":16},"skip":true}]},"16":{"line":134,"type":"cond-expr","locations":[{"start":{"line":135,"column":26},"end":{"line":135,"column":29},"skip":true},{"start":{"line":136,"column":26},"end":{"line":136,"column":54},"skip":true}]},"17":{"line":164,"type":"binary-expr","locations":[{"start":{"line":164,"column":27},"end":{"line":164,"column":43},"skip":true},{"start":{"line":164,"column":47},"end":{"line":164,"column":49},"skip":true}]},"18":{"line":258,"type":"if","locations":[{"start":{"line":258,"column":8},"end":{"line":258,"column":8},"skip":true},{"start":{"line":258,"column":8},"end":{"line":258,"column":8},"skip":true}]},"19":{"line":275,"type":"switch","locations":[{"start":{"line":276,"column":20},"end":{"line":277,"column":64},"skip":true},{"start":{"line":278,"column":20},"end":{"line":279,"column":40},"skip":true},{"start":{"line":280,"column":20},"end":{"line":281,"column":40},"skip":true},{"start":{"line":282,"column":20},"end":{"line":283,"column":39},"skip":true}]},"20":{"line":288,"type":"if","locations":[{"start":{"line":288,"column":8},"end":{"line":288,"column":8},"skip":true},{"start":{"line":288,"column":8},"end":{"line":288,"column":8},"skip":true}]},"21":{"line":288,"type":"binary-expr","locations":[{"start":{"line":288,"column":12},"end":{"line":288,"column":40},"skip":true},{"start":{"line":288,"column":44},"end":{"line":288,"column":67},"skip":true}]},"22":{"line":292,"type":"binary-expr","locations":[{"start":{"line":292,"column":12},"end":{"line":292,"column":50},"skip":true},{"start":{"line":293,"column":12},"end":{"line":293,"column":53},"skip":true}]},"23":{"line":297,"type":"binary-expr","locations":[{"start":{"line":297,"column":12},"end":{"line":297,"column":63},"skip":true},{"start":{"line":298,"column":12},"end":{"line":301,"column":36},"skip":true}]},"24":{"line":303,"type":"binary-expr","locations":[{"start":{"line":303,"column":43},"end":{"line":303,"column":75},"skip":true},{"start":{"line":303,"column":79},"end":{"line":303,"column":81},"skip":true}]},"25":{"line":306,"type":"if","locations":[{"start":{"line":306,"column":8},"end":{"line":306,"column":8},"skip":true},{"start":{"line":306,"column":8},"end":{"line":306,"column":8},"skip":true}]},"26":{"line":310,"type":"if","locations":[{"start":{"line":310,"column":8},"end":{"line":310,"column":8},"skip":true},{"start":{"line":310,"column":8},"end":{"line":310,"column":8},"skip":true}]},"27":{"line":313,"type":"binary-expr","locations":[{"start":{"line":313,"column":27},"end":{"line":313,"column":43},"skip":true},{"start":{"line":313,"column":47},"end":{"line":313,"column":53},"skip":true}]},"28":{"line":317,"type":"if","locations":[{"start":{"line":317,"column":12},"end":{"line":317,"column":12},"skip":true},{"start":{"line":317,"column":12},"end":{"line":317,"column":12},"skip":true}]}},"code":["/*","example.js","","quickstart example","","instruction","    1. save this script as example.js","    2. run the shell command:","        $ npm install npmtest-apiai && PORT=8081 node example.js","    3. play with the browser-demo on http://127.0.0.1:8081","*/","","","","/* istanbul instrument in package npmtest_apiai */","/*jslint","    bitwise: true,","    browser: true,","    maxerr: 8,","    maxlen: 96,","    node: true,","    nomen: true,","    regexp: true,","    stupid: true","*/","(function () {","    'use strict';","    var local;","","","","    // run shared js-env code - init-before","    (function () {","        // init local","        local = {};","        // init modeJs","        local.modeJs = (function () {","            try {","                return typeof navigator.userAgent === 'string' &&","                    typeof document.querySelector('body') === 'object' &&","                    typeof XMLHttpRequest.prototype.open === 'function' &&","                    'browser';","            } catch (errorCaughtBrowser) {","                return module.exports &&","                    typeof process.versions.node === 'string' &&","                    typeof require('http').createServer === 'function' &&","                    'node';","            }","        }());","        // init global","        local.global = local.modeJs === 'browser'","            ? window","            : global;","        // init utility2_rollup","        local = local.global.utility2_rollup || (local.modeJs === 'browser'","            ? local.global.utility2_npmtest_apiai","            : global.utility2_moduleExports);","        // export local","        local.global.local = local;","    }());","    switch (local.modeJs) {","","","","    // init-after","    // run browser js-env code - init-after","    /* istanbul ignore next */","    case 'browser':","        local.testRunBrowser = function (event) {","            if (!event || (event &&","                    event.currentTarget &&","                    event.currentTarget.className &&","                    event.currentTarget.className.includes &&","                    event.currentTarget.className.includes('onreset'))) {","                // reset output","                Array.from(","                    document.querySelectorAll('body > .resettable')","                ).forEach(function (element) {","                    switch (element.tagName) {","                    case 'INPUT':","                    case 'TEXTAREA':","                        element.value = '';","                        break;","                    default:","                        element.textContent = '';","                    }","                });","            }","            switch (event && event.currentTarget && event.currentTarget.id) {","            case 'testRunButton1':","                // show tests","                if (document.querySelector('#testReportDiv1').style.display === 'none') {","                    document.querySelector('#testReportDiv1').style.display = 'block';","                    document.querySelector('#testRunButton1').textContent =","                        'hide internal test';","                    local.modeTest = true;","                    local.testRunDefault(local);","                // hide tests","                } else {","                    document.querySelector('#testReportDiv1').style.display = 'none';","                    document.querySelector('#testRunButton1').textContent = 'run internal test';","                }","                break;","            // custom-case","            default:","                break;","            }","            if (document.querySelector('#inputTextareaEval1') && (!event || (event &&","                    event.currentTarget &&","                    event.currentTarget.className &&","                    event.currentTarget.className.includes &&","                    event.currentTarget.className.includes('oneval')))) {","                // try to eval input-code","                try {","                    /*jslint evil: true*/","                    eval(document.querySelector('#inputTextareaEval1').value);","                } catch (errorCaught) {","                    console.error(errorCaught);","                }","            }","        };","        // log stderr and stdout to #outputTextareaStdout1","        ['error', 'log'].forEach(function (key) {","            console[key + '_original'] = console[key];","            console[key] = function () {","                var element;","                console[key + '_original'].apply(console, arguments);","                element = document.querySelector('#outputTextareaStdout1');","                if (!element) {","                    return;","                }","                // append text to #outputTextareaStdout1","                element.value += Array.from(arguments).map(function (arg) {","                    return typeof arg === 'string'","                        ? arg","                        : JSON.stringify(arg, null, 4);","                }).join(' ') + '\\n';","                // scroll textarea to bottom","                element.scrollTop = element.scrollHeight;","            };","        });","        // init event-handling","        ['change', 'click', 'keyup'].forEach(function (event) {","            Array.from(document.querySelectorAll('.on' + event)).forEach(function (element) {","                element.addEventListener(event, local.testRunBrowser);","            });","        });","        // run tests","        local.testRunBrowser();","        break;","","","","    // run node js-env code - init-after","    /* istanbul ignore next */","    case 'node':","        // export local","        module.exports = local;","        // require modules","        local.fs = require('fs');","        local.http = require('http');","        local.url = require('url');","        // init assets","        local.assetsDict = local.assetsDict || {};","        /* jslint-ignore-begin */","        local.assetsDict['/assets.index.template.html'] = '\\","<!doctype html>\\n\\","<html lang=\"en\">\\n\\","<head>\\n\\","<meta charset=\"UTF-8\">\\n\\","<meta name=\"viewport\" content=\"width=device-width, initial-scale=1\">\\n\\","<title>{{env.npm_package_name}} (v{{env.npm_package_version}})</title>\\n\\","<style>\\n\\","/*csslint\\n\\","    box-sizing: false,\\n\\","    universal-selector: false\\n\\","*/\\n\\","* {\\n\\","    box-sizing: border-box;\\n\\","}\\n\\","body {\\n\\","    background: #dde;\\n\\","    font-family: Arial, Helvetica, sans-serif;\\n\\","    margin: 2rem;\\n\\","}\\n\\","body > * {\\n\\","    margin-bottom: 1rem;\\n\\","}\\n\\",".utility2FooterDiv {\\n\\","    margin-top: 20px;\\n\\","    text-align: center;\\n\\","}\\n\\","</style>\\n\\","<style>\\n\\","/*csslint\\n\\","*/\\n\\","textarea {\\n\\","    font-family: monospace;\\n\\","    height: 10rem;\\n\\","    width: 100%;\\n\\","}\\n\\","textarea[readonly] {\\n\\","    background: #ddd;\\n\\","}\\n\\","</style>\\n\\","</head>\\n\\","<body>\\n\\","<!-- utility2-comment\\n\\","<div id=\"ajaxProgressDiv1\" style=\"background: #d00; height: 2px; left: 0; margin: 0; padding: 0; position: fixed; top: 0; transition: background 0.5s, width 1.5s; width: 25%;\"></div>\\n\\","utility2-comment -->\\n\\","<h1>\\n\\","<!-- utility2-comment\\n\\","    <a\\n\\","        {{#if env.npm_package_homepage}}\\n\\","        href=\"{{env.npm_package_homepage}}\"\\n\\","        {{/if env.npm_package_homepage}}\\n\\","        target=\"_blank\"\\n\\","    >\\n\\","utility2-comment -->\\n\\","        {{env.npm_package_name}} (v{{env.npm_package_version}})\\n\\","<!-- utility2-comment\\n\\","    </a>\\n\\","utility2-comment -->\\n\\","</h1>\\n\\","<h3>{{env.npm_package_description}}</h3>\\n\\","<!-- utility2-comment\\n\\","<h4><a download href=\"assets.app.js\">download standalone app</a></h4>\\n\\","<button class=\"onclick onreset\" id=\"testRunButton1\">run internal test</button><br>\\n\\","<div id=\"testReportDiv1\" style=\"display: none;\"></div>\\n\\","utility2-comment -->\\n\\","\\n\\","\\n\\","\\n\\","<label>stderr and stdout</label>\\n\\","<textarea class=\"resettable\" id=\"outputTextareaStdout1\" readonly></textarea>\\n\\","<!-- utility2-comment\\n\\","{{#if isRollup}}\\n\\","<script src=\"assets.app.js\"></script>\\n\\","{{#unless isRollup}}\\n\\","utility2-comment -->\\n\\","<script src=\"assets.utility2.rollup.js\"></script>\\n\\","<script src=\"jsonp.utility2._stateInit?callback=window.utility2._stateInit\"></script>\\n\\","<script src=\"assets.npmtest_apiai.rollup.js\"></script>\\n\\","<script src=\"assets.example.js\"></script>\\n\\","<script src=\"assets.test.js\"></script>\\n\\","<!-- utility2-comment\\n\\","{{/if isRollup}}\\n\\","utility2-comment -->\\n\\","<div class=\"utility2FooterDiv\">\\n\\","    [ this app was created with\\n\\","    <a href=\"https://github.com/kaizhu256/node-utility2\" target=\"_blank\">utility2</a>\\n\\","    ]\\n\\","</div>\\n\\","</body>\\n\\","</html>\\n\\","';","        /* jslint-ignore-end */","        if (local.templateRender) {","            local.assetsDict['/'] = local.templateRender(","                local.assetsDict['/assets.index.template.html'],","                {","                    env: local.objectSetDefault(local.env, {","                        npm_package_description: 'the greatest app in the world!',","                        npm_package_name: 'my-app',","                        npm_package_nameAlias: 'my_app',","                        npm_package_version: '0.0.1'","                    })","                }","            );","        } else {","            local.assetsDict['/'] = local.assetsDict['/assets.index.template.html']","                .replace((/\\{\\{env\\.(\\w+?)\\}\\}/g), function (match0, match1) {","                    // jslint-hack","                    String(match0);","                    switch (match1) {","                    case 'npm_package_description':","                        return 'the greatest app in the world!';","                    case 'npm_package_name':","                        return 'my-app';","                    case 'npm_package_nameAlias':","                        return 'my_app';","                    case 'npm_package_version':","                        return '0.0.1';","                    }","                });","        }","        // run the cli","        if (local.global.utility2_rollup || module !== require.main) {","            break;","        }","        local.assetsDict['/assets.example.js'] =","            local.assetsDict['/assets.example.js'] ||","            local.fs.readFileSync(__filename, 'utf8');","        // bug-workaround - long $npm_package_buildCustomOrg","        /* jslint-ignore-begin */","        local.assetsDict['/assets.npmtest_apiai.rollup.js'] =","            local.assetsDict['/assets.npmtest_apiai.rollup.js'] ||","            local.fs.readFileSync(","                local.npmtest_apiai.__dirname + '/lib.npmtest_apiai.js',","                'utf8'","            ).replace((/^#!/), '//');","        /* jslint-ignore-end */","        local.assetsDict['/favicon.ico'] = local.assetsDict['/favicon.ico'] || '';","        // if $npm_config_timeout_exit exists,","        // then exit this process after $npm_config_timeout_exit ms","        if (Number(process.env.npm_config_timeout_exit)) {","            setTimeout(process.exit, Number(process.env.npm_config_timeout_exit));","        }","        // start server","        if (local.global.utility2_serverHttp1) {","            break;","        }","        process.env.PORT = process.env.PORT || '8081';","        console.error('server starting on port ' + process.env.PORT);","        local.http.createServer(function (request, response) {","            request.urlParsed = local.url.parse(request.url);","            if (local.assetsDict[request.urlParsed.pathname] !== undefined) {","                response.end(local.assetsDict[request.urlParsed.pathname]);","                return;","            }","            response.statusCode = 404;","            response.end();","        }).listen(process.env.PORT);","        break;","    }","}());",""],"l":{"26":2,"28":2,"33":2,"35":2,"37":2,"38":2,"39":2,"44":1,"51":2,"55":2,"59":2,"61":2,"69":1,"70":2,"76":2,"79":2,"82":2,"83":2,"85":1,"89":2,"92":1,"93":1,"94":1,"96":1,"97":1,"100":1,"101":1,"103":1,"106":1,"108":2,"114":1,"116":1,"118":1,"123":1,"124":2,"125":2,"126":3,"127":3,"128":3,"129":3,"130":1,"133":3,"134":3,"139":3,"143":1,"144":3,"145":1,"149":1,"150":1,"158":1,"160":1,"161":1,"162":1,"164":1,"166":1,"258":1,"259":1,"271":1,"274":6,"275":6,"277":1,"279":2,"281":1,"283":2,"288":1,"289":1,"291":1,"296":1,"303":1,"306":1,"307":1,"310":1,"311":1,"313":1,"314":1,"315":1,"316":1,"317":1,"318":1,"319":1,"321":1,"322":1,"324":1}},"/home/travis/build/npmtest/node-npmtest-apiai/node_modules/apiai/index.js":{"path":"/home/travis/build/npmtest/node-npmtest-apiai/node_modules/apiai/index.js","s":{"1":1},"b":{},"f":{},"fnMap":{},"statementMap":{"1":{"start":{"line":9,"column":0},"end":{"line":9,"column":43}}},"branchMap":{},"code":["/*!"," * apiai"," * Copyright(c) 2015 http://api.ai/"," * Apache 2.0 Licensed"," */","","'use strict';","","module.exports = require(\"./module/apiai\");"],"l":{"9":1}},"/home/travis/build/npmtest/node-npmtest-apiai/node_modules/apiai/module/apiai.js":{"path":"/home/travis/build/npmtest/node-npmtest-apiai/node_modules/apiai/module/apiai.js","s":{"1":1,"2":1,"3":1,"4":1,"5":1,"6":1,"7":1,"8":1,"9":1,"10":1,"11":1,"12":1,"13":1,"14":1,"15":1,"16":1,"17":0,"18":0,"19":0,"20":0,"21":1,"22":0,"23":0,"24":0,"25":0,"26":1,"27":0,"28":0,"29":0,"30":0,"31":0,"32":0,"33":0,"34":1,"35":0,"36":0,"37":0,"38":0,"39":0,"40":0,"41":0,"42":0,"43":0,"44":0,"45":0,"46":0,"47":1,"48":0,"49":0,"50":0,"51":0,"52":0,"53":1,"54":0,"55":0,"56":0,"57":0,"58":0,"59":1,"60":0,"61":0,"62":0,"63":0,"64":0,"65":0,"66":0,"67":1,"68":0,"69":0,"70":0,"71":0,"72":0,"73":0,"74":0,"75":1,"76":0,"77":0,"78":0,"79":0,"80":0,"81":0,"82":0,"83":1,"84":0,"85":0,"86":0,"87":0,"88":0,"89":1,"90":0,"91":0,"92":0,"93":0,"94":0},"b":{"1":[0,0],"2":[0,0],"3":[0,0],"4":[0,0],"5":[0,0],"6":[0,0],"7":[0,0],"8":[0,0],"9":[0,0],"10":[0,0],"11":[0,0],"12":[0,0],"13":[0,0],"14":[0,0],"15":[0,0],"16":[0,0],"17":[0,0],"18":[0,0],"19":[0,0],"20":[0,0],"21":[0,0],"22":[0,0],"23":[0,0],"24":[0,0],"25":[0,0],"26":[0,0],"27":[0,0],"28":[0,0],"29":[0,0],"30":[0,0],"31":[0,0]},"f":{"1":0,"2":0,"3":0,"4":0,"5":0,"6":0,"7":0,"8":0,"9":0,"10":0,"11":0},"fnMap":{"1":{"name":"createApplicationDeprecated","line":50,"loc":{"start":{"line":50,"column":0},"end":{"line":50,"column":83}}},"2":{"name":"createApplicationNew","line":67,"loc":{"start":{"line":67,"column":0},"end":{"line":67,"column":59}}},"3":{"name":"createApplication","line":84,"loc":{"start":{"line":84,"column":0},"end":{"line":84,"column":29}}},"4":{"name":"Application","line":98,"loc":{"start":{"line":98,"column":0},"end":{"line":98,"column":50}}},"5":{"name":"(anonymous_5)","line":121,"loc":{"start":{"line":121,"column":40},"end":{"line":121,"column":68}}},"6":{"name":"(anonymous_6)","line":138,"loc":{"start":{"line":138,"column":46},"end":{"line":138,"column":64}}},"7":{"name":"(anonymous_7)","line":156,"loc":{"start":{"line":156,"column":36},"end":{"line":156,"column":61}}},"8":{"name":"(anonymous_8)","line":171,"loc":{"start":{"line":171,"column":37},"end":{"line":171,"column":62}}},"9":{"name":"(anonymous_9)","line":194,"loc":{"start":{"line":194,"column":37},"end":{"line":194,"column":55}}},"10":{"name":"(anonymous_10)","line":215,"loc":{"start":{"line":215,"column":44},"end":{"line":215,"column":82}}},"11":{"name":"(anonymous_11)","line":226,"loc":{"start":{"line":226,"column":35},"end":{"line":226,"column":59}}}},"statementMap":{"1":{"start":{"line":14,"column":0},"end":{"line":14,"column":29}},"2":{"start":{"line":15,"column":0},"end":{"line":15,"column":27}},"3":{"start":{"line":17,"column":0},"end":{"line":17,"column":68}},"4":{"start":{"line":18,"column":0},"end":{"line":18,"column":87}},"5":{"start":{"line":19,"column":0},"end":{"line":19,"column":56}},"6":{"start":{"line":20,"column":0},"end":{"line":20,"column":59}},"7":{"start":{"line":21,"column":0},"end":{"line":21,"column":59}},"8":{"start":{"line":22,"column":0},"end":{"line":22,"column":81}},"9":{"start":{"line":23,"column":0},"end":{"line":23,"column":53}},"10":{"start":{"line":30,"column":0},"end":{"line":30,"column":25}},"11":{"start":{"line":31,"column":0},"end":{"line":31,"column":20}},"12":{"start":{"line":32,"column":0},"end":{"line":32,"column":28}},"13":{"start":{"line":33,"column":0},"end":{"line":33,"column":22}},"14":{"start":{"line":34,"column":0},"end":{"line":34,"column":27}},"15":{"start":{"line":41,"column":0},"end":{"line":41,"column":45}},"16":{"start":{"line":50,"column":0},"end":{"line":58,"column":1}},"17":{"start":{"line":51,"column":4},"end":{"line":51,"column":33}},"18":{"start":{"line":53,"column":4},"end":{"line":55,"column":5}},"19":{"start":{"line":54,"column":8},"end":{"line":54,"column":66}},"20":{"start":{"line":57,"column":4},"end":{"line":57,"column":55}},"21":{"start":{"line":67,"column":0},"end":{"line":75,"column":1}},"22":{"start":{"line":68,"column":4},"end":{"line":68,"column":33}},"23":{"start":{"line":70,"column":4},"end":{"line":72,"column":5}},"24":{"start":{"line":71,"column":8},"end":{"line":71,"column":66}},"25":{"start":{"line":74,"column":4},"end":{"line":74,"column":55}},"26":{"start":{"line":84,"column":0},"end":{"line":96,"column":1}},"27":{"start":{"line":85,"column":4},"end":{"line":95,"column":5}},"28":{"start":{"line":86,"column":8},"end":{"line":92,"column":9}},"29":{"start":{"line":87,"column":12},"end":{"line":87,"column":70}},"30":{"start":{"line":88,"column":15},"end":{"line":92,"column":9}},"31":{"start":{"line":89,"column":12},"end":{"line":89,"column":63}},"32":{"start":{"line":91,"column":12},"end":{"line":91,"column":67}},"33":{"start":{"line":94,"column":8},"end":{"line":94,"column":59}},"34":{"start":{"line":98,"column":0},"end":{"line":119,"column":1}},"35":{"start":{"line":99,"column":4},"end":{"line":99,"column":20}},"36":{"start":{"line":101,"column":4},"end":{"line":101,"column":49}},"37":{"start":{"line":103,"column":4},"end":{"line":103,"column":47}},"38":{"start":{"line":105,"column":4},"end":{"line":105,"column":49}},"39":{"start":{"line":106,"column":4},"end":{"line":106,"column":46}},"40":{"start":{"line":108,"column":4},"end":{"line":108,"column":49}},"41":{"start":{"line":109,"column":4},"end":{"line":109,"column":64}},"42":{"start":{"line":111,"column":4},"end":{"line":115,"column":5}},"43":{"start":{"line":112,"column":8},"end":{"line":112,"column":37}},"44":{"start":{"line":114,"column":8},"end":{"line":114,"column":27}},"45":{"start":{"line":117,"column":4},"end":{"line":117,"column":43}},"46":{"start":{"line":118,"column":4},"end":{"line":118,"column":55}},"47":{"start":{"line":121,"column":0},"end":{"line":131,"column":2}},"48":{"start":{"line":122,"column":4},"end":{"line":122,"column":20}},"49":{"start":{"line":124,"column":4},"end":{"line":124,"column":28}},"50":{"start":{"line":126,"column":4},"end":{"line":128,"column":5}},"51":{"start":{"line":127,"column":8},"end":{"line":127,"column":37}},"52":{"start":{"line":130,"column":4},"end":{"line":130,"column":52}},"53":{"start":{"line":138,"column":0},"end":{"line":148,"column":1}},"54":{"start":{"line":139,"column":4},"end":{"line":139,"column":20}},"55":{"start":{"line":141,"column":4},"end":{"line":141,"column":28}},"56":{"start":{"line":143,"column":4},"end":{"line":145,"column":5}},"57":{"start":{"line":144,"column":8},"end":{"line":144,"column":37}},"58":{"start":{"line":147,"column":4},"end":{"line":147,"column":48}},"59":{"start":{"line":156,"column":0},"end":{"line":169,"column":2}},"60":{"start":{"line":157,"column":4},"end":{"line":157,"column":20}},"61":{"start":{"line":158,"column":4},"end":{"line":158,"column":28}},"62":{"start":{"line":160,"column":4},"end":{"line":162,"column":5}},"63":{"start":{"line":161,"column":8},"end":{"line":161,"column":37}},"64":{"start":{"line":164,"column":4},"end":{"line":166,"column":5}},"65":{"start":{"line":165,"column":8},"end":{"line":165,"column":35}},"66":{"start":{"line":168,"column":4},"end":{"line":168,"column":45}},"67":{"start":{"line":171,"column":0},"end":{"line":184,"column":2}},"68":{"start":{"line":172,"column":4},"end":{"line":172,"column":20}},"69":{"start":{"line":173,"column":4},"end":{"line":173,"column":28}},"70":{"start":{"line":175,"column":4},"end":{"line":177,"column":5}},"71":{"start":{"line":176,"column":8},"end":{"line":176,"column":37}},"72":{"start":{"line":179,"column":4},"end":{"line":181,"column":5}},"73":{"start":{"line":180,"column":8},"end":{"line":180,"column":35}},"74":{"start":{"line":183,"column":4},"end":{"line":183,"column":46}},"75":{"start":{"line":194,"column":0},"end":{"line":207,"column":2}},"76":{"start":{"line":195,"column":4},"end":{"line":195,"column":20}},"77":{"start":{"line":196,"column":4},"end":{"line":196,"column":28}},"78":{"start":{"line":198,"column":4},"end":{"line":200,"column":5}},"79":{"start":{"line":199,"column":8},"end":{"line":199,"column":37}},"80":{"start":{"line":202,"column":4},"end":{"line":204,"column":5}},"81":{"start":{"line":203,"column":8},"end":{"line":203,"column":35}},"82":{"start":{"line":206,"column":4},"end":{"line":206,"column":39}},"83":{"start":{"line":215,"column":0},"end":{"line":224,"column":2}},"84":{"start":{"line":216,"column":4},"end":{"line":216,"column":20}},"85":{"start":{"line":217,"column":4},"end":{"line":217,"column":28}},"86":{"start":{"line":219,"column":4},"end":{"line":221,"column":5}},"87":{"start":{"line":220,"column":8},"end":{"line":220,"column":37}},"88":{"start":{"line":223,"column":4},"end":{"line":223,"column":66}},"89":{"start":{"line":226,"column":0},"end":{"line":235,"column":2}},"90":{"start":{"line":227,"column":4},"end":{"line":227,"column":20}},"91":{"start":{"line":228,"column":4},"end":{"line":228,"column":28}},"92":{"start":{"line":230,"column":4},"end":{"line":232,"column":5}},"93":{"start":{"line":231,"column":8},"end":{"line":231,"column":37}},"94":{"start":{"line":234,"column":4},"end":{"line":234,"column":43}}},"branchMap":{"1":{"line":51,"type":"binary-expr","locations":[{"start":{"line":51,"column":18},"end":{"line":51,"column":26}},{"start":{"line":51,"column":30},"end":{"line":51,"column":32}}]},"2":{"line":53,"type":"if","locations":[{"start":{"line":53,"column":4},"end":{"line":53,"column":4}},{"start":{"line":53,"column":4},"end":{"line":53,"column":4}}]},"3":{"line":68,"type":"binary-expr","locations":[{"start":{"line":68,"column":18},"end":{"line":68,"column":26}},{"start":{"line":68,"column":30},"end":{"line":68,"column":32}}]},"4":{"line":70,"type":"if","locations":[{"start":{"line":70,"column":4},"end":{"line":70,"column":4}},{"start":{"line":70,"column":4},"end":{"line":70,"column":4}}]},"5":{"line":85,"type":"if","locations":[{"start":{"line":85,"column":4},"end":{"line":85,"column":4}},{"start":{"line":85,"column":4},"end":{"line":85,"column":4}}]},"6":{"line":86,"type":"if","locations":[{"start":{"line":86,"column":8},"end":{"line":86,"column":8}},{"start":{"line":86,"column":8},"end":{"line":86,"column":8}}]},"7":{"line":88,"type":"if","locations":[{"start":{"line":88,"column":15},"end":{"line":88,"column":15}},{"start":{"line":88,"column":15},"end":{"line":88,"column":15}}]},"8":{"line":101,"type":"binary-expr","locations":[{"start":{"line":101,"column":20},"end":{"line":101,"column":36}},{"start":{"line":101,"column":40},"end":{"line":101,"column":48}}]},"9":{"line":105,"type":"binary-expr","locations":[{"start":{"line":105,"column":20},"end":{"line":105,"column":36}},{"start":{"line":105,"column":40},"end":{"line":105,"column":48}}]},"10":{"line":106,"type":"binary-expr","locations":[{"start":{"line":106,"column":19},"end":{"line":106,"column":34}},{"start":{"line":106,"column":38},"end":{"line":106,"column":45}}]},"11":{"line":108,"type":"binary-expr","locations":[{"start":{"line":108,"column":20},"end":{"line":108,"column":36}},{"start":{"line":108,"column":40},"end":{"line":108,"column":48}}]},"12":{"line":109,"type":"binary-expr","locations":[{"start":{"line":109,"column":25},"end":{"line":109,"column":46}},{"start":{"line":109,"column":50},"end":{"line":109,"column":63}}]},"13":{"line":111,"type":"if","locations":[{"start":{"line":111,"column":4},"end":{"line":111,"column":4}},{"start":{"line":111,"column":4},"end":{"line":111,"column":4}}]},"14":{"line":117,"type":"cond-expr","locations":[{"start":{"line":117,"column":30},"end":{"line":117,"column":35}},{"start":{"line":117,"column":38},"end":{"line":117,"column":42}}]},"15":{"line":124,"type":"binary-expr","locations":[{"start":{"line":124,"column":14},"end":{"line":124,"column":21}},{"start":{"line":124,"column":25},"end":{"line":124,"column":27}}]},"16":{"line":126,"type":"if","locations":[{"start":{"line":126,"column":4},"end":{"line":126,"column":4}},{"start":{"line":126,"column":4},"end":{"line":126,"column":4}}]},"17":{"line":141,"type":"binary-expr","locations":[{"start":{"line":141,"column":14},"end":{"line":141,"column":21}},{"start":{"line":141,"column":25},"end":{"line":141,"column":27}}]},"18":{"line":143,"type":"if","locations":[{"start":{"line":143,"column":4},"end":{"line":143,"column":4}},{"start":{"line":143,"column":4},"end":{"line":143,"column":4}}]},"19":{"line":158,"type":"binary-expr","locations":[{"start":{"line":158,"column":14},"end":{"line":158,"column":21}},{"start":{"line":158,"column":25},"end":{"line":158,"column":27}}]},"20":{"line":160,"type":"if","locations":[{"start":{"line":160,"column":4},"end":{"line":160,"column":4}},{"start":{"line":160,"column":4},"end":{"line":160,"column":4}}]},"21":{"line":164,"type":"if","locations":[{"start":{"line":164,"column":4},"end":{"line":164,"column":4}},{"start":{"line":164,"column":4},"end":{"line":164,"column":4}}]},"22":{"line":173,"type":"binary-expr","locations":[{"start":{"line":173,"column":14},"end":{"line":173,"column":21}},{"start":{"line":173,"column":25},"end":{"line":173,"column":27}}]},"23":{"line":175,"type":"if","locations":[{"start":{"line":175,"column":4},"end":{"line":175,"column":4}},{"start":{"line":175,"column":4},"end":{"line":175,"column":4}}]},"24":{"line":179,"type":"if","locations":[{"start":{"line":179,"column":4},"end":{"line":179,"column":4}},{"start":{"line":179,"column":4},"end":{"line":179,"column":4}}]},"25":{"line":196,"type":"binary-expr","locations":[{"start":{"line":196,"column":14},"end":{"line":196,"column":21}},{"start":{"line":196,"column":25},"end":{"line":196,"column":27}}]},"26":{"line":198,"type":"if","locations":[{"start":{"line":198,"column":4},"end":{"line":198,"column":4}},{"start":{"line":198,"column":4},"end":{"line":198,"column":4}}]},"27":{"line":202,"type":"if","locations":[{"start":{"line":202,"column":4},"end":{"line":202,"column":4}},{"start":{"line":202,"column":4},"end":{"line":202,"column":4}}]},"28":{"line":217,"type":"binary-expr","locations":[{"start":{"line":217,"column":14},"end":{"line":217,"column":21}},{"start":{"line":217,"column":25},"end":{"line":217,"column":27}}]},"29":{"line":219,"type":"if","locations":[{"start":{"line":219,"column":4},"end":{"line":219,"column":4}},{"start":{"line":219,"column":4},"end":{"line":219,"column":4}}]},"30":{"line":228,"type":"binary-expr","locations":[{"start":{"line":228,"column":14},"end":{"line":228,"column":21}},{"start":{"line":228,"column":25},"end":{"line":228,"column":27}}]},"31":{"line":230,"type":"if","locations":[{"start":{"line":230,"column":4},"end":{"line":230,"column":4}},{"start":{"line":230,"column":4},"end":{"line":230,"column":4}}]}},"code":["/*!"," * apiai"," * Copyright(c) 2015 http://api.ai/"," * Apache 2.0 Licensed"," */","","'use strict';","","/**"," * Module dependencies."," * @private"," */","","var https = require('https');","var http = require('http');","","var ContextsRequest = require('./contexts_request').ContextsRequest;","var DeleteContextsRequest = require('./delete_contexts_request').DeleteContextsRequest;","var TextRequest = require('./text_request').TextRequest;","var EventRequest = require('./event_request').EventRequest;","var VoiceRequest = require('./voice_request').VoiceRequest;","var UserEntitiesRequest = require('./user_entities_request').UserEntitiesRequest;","var TTSRequest = require('./tts_request').TTSRequest;","","/**"," * Module variables."," * @private"," */","","var version = '20150910';","var language = 'en';","var hostname = 'api.api.ai';","var endpoint = '/v1/';","var defaultSource = 'node';","","/**"," * Module exports."," * @public"," */","","exports = module.exports = createApplication;","","/**"," * Old version function for creation application instance."," * @param  {string} clientAccessToken Access token. You can get it on https://api.ai"," * @param  {string} subscriptionKey   Subscribtion key. It has not been used anymore."," * @param  {object} _options          Default option for apllication."," * @return {Application}              [description]"," */","function createApplicationDeprecated(clientAccessToken, subscriptionKey, _options) {","    var options = _options || {};","","    if (!clientAccessToken) {","        throw new Error('\\'clientAccessToken\\' cannot be empty.');","    }","","    return new Application(clientAccessToken, options);","}","","/**"," * New version function for creation application instance."," * @param  {string} clientAccessToken Access token. You can get it on https://api.ai"," * @param  {string} subscriptionKey   Subscribtion key. It has not been used anymore."," * @param  {object} _options          Default option for apllication."," * @return {Application}              [description]"," */","function createApplicationNew(clientAccessToken, _options) {","    var options = _options || {};","","    if (!clientAccessToken) {","        throw new Error('\\'clientAccessToken\\' cannot be empty.');","    }","","    return new Application(clientAccessToken, options);","}","","/**"," * Create an api.ai application."," *"," * @param {*} args [description]"," * @return {Function}"," * @api public"," */","function createApplication() {","    if (arguments.length > 1) {","        if (typeof arguments[1] == \"string\") {","            return createApplicationDeprecated.apply(this, arguments);","        } else if (typeof arguments[1] == \"object\") {","            return createApplicationNew.apply(this, arguments);","        } else {","            throw new Error('Wrong parameters of initialization.');","        }","    } else {","        return createApplicationNew.apply(this, arguments);","    }","}","","function Application (clientAccessToken, options) {","    var self = this;","","    self.language = options.language || language;","","    self.clientAccessToken = clientAccessToken;","","    self.hostname = options.hostname || hostname;","    self.version = options.version || version;","","    self.endpoint = options.endpoint || endpoint;","    self.requestSource = options.requestSource || defaultSource;","","    if ('secure' in options) {","        self.secure = options.secure;","    } else {","        self.secure = true;","    }","","    var _http = self.secure ? https : http;","    self._agent = new _http.Agent({ keepAlive: true });","}","","Application.prototype.contextsRequest = function(contexts, options) {","    var self = this;","","    var opt = options || {};","","    if (!('endpoint' in opt)) {","        opt.endpoint = self.endpoint;","    }","","    return new ContextsRequest(self, contexts, opt);","};","","/**"," * Delete/Reset all contexts for session by ID."," * @param  {object} options Options for DeleteContextsRequest. Should contain sessionId."," * @return {ContextsRequest}           Returns a ContextsRequest object."," */","Application.prototype.deleteContextsRequest = function(options) {","    var self = this;","","    var opt = options || {};","","    if (!('endpoint' in opt)) {","        opt.endpoint = self.endpoint;","    }","","    return new DeleteContextsRequest(self, opt);","}","","/**"," * [textRequest description]"," * @param  {[type]} query   [description]"," * @param  {[type]} options [description]"," * @return {[type]}         [description]"," */","Application.prototype.textRequest = function(query, options) {","    var self = this;","    var opt = options || {};","","    if (!('endpoint' in opt)) {","        opt.endpoint = self.endpoint;","    }","","    if (!('version' in opt)) {","        opt.version = self.version;","    }","","    return new TextRequest(self, query, opt);","};","","Application.prototype.eventRequest = function(event, options) {","    var self = this;","    var opt = options || {};","","    if (!('endpoint' in opt)) {","        opt.endpoint = self.endpoint;","    }","","    if (!('version' in opt)) {","        opt.version = self.version;","    }","","    return new EventRequest(self, event, opt);","};","","/**"," * Make voice request object."," * @param  {object} [options={}] Optionos for voice request."," * @param  {string} [options.endpoint] [description]"," * @param  {string} [options.version] [description]"," * @return {VoiceRequest}         [description]"," * @deprecated since version 2.0"," */","Application.prototype.voiceRequest = function(options) {","    var self = this;","    var opt = options || {};","","    if (!('endpoint' in opt)) {","        opt.endpoint = self.endpoint;","    }","","    if (!('version' in opt)) {","        opt.version = self.version;","    }","","    return new VoiceRequest(self, opt);","};","","/**"," * [userEntitiesRequest description]"," * @param  {[type]} user_entities_body  [description]"," * @param  {[type]} options             [description]"," * @return {[type]}                     [description]"," */","Application.prototype.userEntitiesRequest = function(user_entities_body, options) {","    var self = this;","    var opt = options || {};","","    if (!('endpoint' in opt)) {","        opt.endpoint = self.endpoint;","    }","","    return new UserEntitiesRequest(self, user_entities_body, opt);","};","","Application.prototype.ttsRequest = function(text, options) {","    var self = this;","    var opt = options || {};","","    if (!('endpoint' in opt)) {","        opt.endpoint = self.endpoint;","    }","","    return new TTSRequest(self, text, opt);","};",""],"l":{"14":1,"15":1,"17":1,"18":1,"19":1,"20":1,"21":1,"22":1,"23":1,"30":1,"31":1,"32":1,"33":1,"34":1,"41":1,"50":1,"51":0,"53":0,"54":0,"57":0,"67":1,"68":0,"70":0,"71":0,"74":0,"84":1,"85":0,"86":0,"87":0,"88":0,"89":0,"91":0,"94":0,"98":1,"99":0,"101":0,"103":0,"105":0,"106":0,"108":0,"109":0,"111":0,"112":0,"114":0,"117":0,"118":0,"121":1,"122":0,"124":0,"126":0,"127":0,"130":0,"138":1,"139":0,"141":0,"143":0,"144":0,"147":0,"156":1,"157":0,"158":0,"160":0,"161":0,"164":0,"165":0,"168":0,"171":1,"172":0,"173":0,"175":0,"176":0,"179":0,"180":0,"183":0,"194":1,"195":0,"196":0,"198":0,"199":0,"202":0,"203":0,"206":0,"215":1,"216":0,"217":0,"219":0,"220":0,"223":0,"226":1,"227":0,"228":0,"230":0,"231":0,"234":0}},"/home/travis/build/npmtest/node-npmtest-apiai/node_modules/apiai/module/contexts_request.js":{"path":"/home/travis/build/npmtest/node-npmtest-apiai/node_modules/apiai/module/contexts_request.js","s":{"1":1,"2":1,"3":1,"4":1,"5":1,"6":0,"7":0,"8":0,"9":0,"10":1,"11":0,"12":0,"13":0,"14":1,"15":0,"16":0,"17":0,"18":0,"19":1,"20":0,"21":0,"22":0},"b":{},"f":{"1":0,"2":0,"3":0,"4":0},"fnMap":{"1":{"name":"ContextsRequest","line":16,"loc":{"start":{"line":16,"column":0},"end":{"line":16,"column":57}}},"2":{"name":"(anonymous_2)","line":25,"loc":{"start":{"line":25,"column":37},"end":{"line":25,"column":48}}},"3":{"name":"(anonymous_3)","line":33,"loc":{"start":{"line":33,"column":44},"end":{"line":33,"column":55}}},"4":{"name":"(anonymous_4)","line":42,"loc":{"start":{"line":42,"column":32},"end":{"line":42,"column":43}}}},"statementMap":{"1":{"start":{"line":9,"column":0},"end":{"line":9,"column":66}},"2":{"start":{"line":10,"column":0},"end":{"line":10,"column":27}},"3":{"start":{"line":12,"column":0},"end":{"line":12,"column":75}},"4":{"start":{"line":14,"column":0},"end":{"line":14,"column":47}},"5":{"start":{"line":16,"column":0},"end":{"line":23,"column":1}},"6":{"start":{"line":17,"column":4},"end":{"line":17,"column":20}},"7":{"start":{"line":19,"column":4},"end":{"line":19,"column":29}},"8":{"start":{"line":20,"column":4},"end":{"line":20,"column":39}},"9":{"start":{"line":22,"column":4},"end":{"line":22,"column":63}},"10":{"start":{"line":25,"column":0},"end":{"line":31,"column":2}},"11":{"start":{"line":26,"column":4},"end":{"line":26,"column":83}},"12":{"start":{"line":28,"column":4},"end":{"line":28,"column":64}},"13":{"start":{"line":30,"column":4},"end":{"line":30,"column":19}},"14":{"start":{"line":33,"column":0},"end":{"line":40,"column":2}},"15":{"start":{"line":34,"column":4},"end":{"line":34,"column":98}},"16":{"start":{"line":36,"column":4},"end":{"line":36,"column":82}},"17":{"start":{"line":37,"column":4},"end":{"line":37,"column":36}},"18":{"start":{"line":39,"column":4},"end":{"line":39,"column":27}},"19":{"start":{"line":42,"column":0},"end":{"line":48,"column":2}},"20":{"start":{"line":43,"column":4},"end":{"line":43,"column":20}},"21":{"start":{"line":45,"column":4},"end":{"line":45,"column":46}},"22":{"start":{"line":47,"column":4},"end":{"line":47,"column":64}}},"branchMap":{},"code":["/*!"," * apiai"," * Copyright(c) 2015 http://api.ai/"," * Apache 2.0 Licensed"," */","","'use strict';","","var JSONApiRequest = require('./json_api_request').JSONApiRequest;","var util = require('util');","","exports.ContextsRequest = module.exports.ContextsRequest = ContextsRequest;","","util.inherits(ContextsRequest, JSONApiRequest);","","function ContextsRequest(application, contexts, options) {","    var self = this;","","    self.contexts = contexts;","    self.sessionId = options.sessionId;","","    ContextsRequest.super_.apply(this, [application, options]);","}","","ContextsRequest.prototype._headers = function() {","    var headers = ContextsRequest.super_.prototype._headers.apply(this, arguments);","","    headers['Content-Type'] = 'application/json; charset=utf-8';","","    return headers;","};","","ContextsRequest.prototype._requestOptions = function() {","    var request_options = ContextsRequest.super_.prototype._requestOptions.apply(this, arguments);","","    request_options.path = this.endpoint + 'contexts?sessionId=' + this.sessionId;","    request_options.method = 'POST';","","    return request_options;","};","","ContextsRequest.prototype.end = function() {","    var self = this;","","    self.write(JSON.stringify(self.contexts));","","    ContextsRequest.super_.prototype.end.apply(this, arguments);","};"],"l":{"9":1,"10":1,"12":1,"14":1,"16":1,"17":0,"19":0,"20":0,"22":0,"25":1,"26":0,"28":0,"30":0,"33":1,"34":0,"36":0,"37":0,"39":0,"42":1,"43":0,"45":0,"47":0}},"/home/travis/build/npmtest/node-npmtest-apiai/node_modules/apiai/module/json_api_request.js":{"path":"/home/travis/build/npmtest/node-npmtest-apiai/node_modules/apiai/module/json_api_request.js","s":{"1":1,"2":1,"3":1,"4":1,"5":1,"6":1,"7":0,"8":1,"9":0,"10":0,"11":0,"12":0,"13":0,"14":0,"15":0,"16":0,"17":0,"18":0,"19":0,"20":0,"21":0,"22":0},"b":{"1":[0,0],"2":[0,0],"3":[0,0]},"f":{"1":0,"2":0,"3":0,"4":0},"fnMap":{"1":{"name":"JSONApiRequest","line":18,"loc":{"start":{"line":18,"column":0},"end":{"line":18,"column":27}}},"2":{"name":"(anonymous_2)","line":22,"loc":{"start":{"line":22,"column":43},"end":{"line":22,"column":62}}},"3":{"name":"(anonymous_3)","line":27,"loc":{"start":{"line":27,"column":24},"end":{"line":27,"column":40}}},"4":{"name":"(anonymous_4)","line":31,"loc":{"start":{"line":31,"column":23},"end":{"line":31,"column":34}}}},"statementMap":{"1":{"start":{"line":9,"column":0},"end":{"line":9,"column":43}},"2":{"start":{"line":10,"column":0},"end":{"line":10,"column":27}},"3":{"start":{"line":12,"column":0},"end":{"line":12,"column":54}},"4":{"start":{"line":14,"column":0},"end":{"line":14,"column":72}},"5":{"start":{"line":16,"column":0},"end":{"line":16,"column":39}},"6":{"start":{"line":18,"column":0},"end":{"line":20,"column":1}},"7":{"start":{"line":19,"column":4},"end":{"line":19,"column":49}},"8":{"start":{"line":22,"column":0},"end":{"line":52,"column":2}},"9":{"start":{"line":23,"column":4},"end":{"line":23,"column":20}},"10":{"start":{"line":25,"column":4},"end":{"line":25,"column":18}},"11":{"start":{"line":27,"column":4},"end":{"line":29,"column":7}},"12":{"start":{"line":28,"column":8},"end":{"line":28,"column":22}},"13":{"start":{"line":31,"column":4},"end":{"line":51,"column":7}},"14":{"start":{"line":32,"column":8},"end":{"line":50,"column":9}},"15":{"start":{"line":33,"column":12},"end":{"line":46,"column":17}},"16":{"start":{"line":34,"column":20},"end":{"line":34,"column":53}},"17":{"start":{"line":35,"column":20},"end":{"line":35,"column":53}},"18":{"start":{"line":41,"column":20},"end":{"line":45,"column":21}},"19":{"start":{"line":42,"column":24},"end":{"line":42,"column":50}},"20":{"start":{"line":44,"column":24},"end":{"line":44,"column":36}},"21":{"start":{"line":48,"column":12},"end":{"line":48,"column":98}},"22":{"start":{"line":49,"column":12},"end":{"line":49,"column":38}}},"branchMap":{"1":{"line":32,"type":"if","locations":[{"start":{"line":32,"column":8},"end":{"line":32,"column":8}},{"start":{"line":32,"column":8},"end":{"line":32,"column":8}}]},"2":{"line":32,"type":"binary-expr","locations":[{"start":{"line":32,"column":12},"end":{"line":32,"column":38}},{"start":{"line":32,"column":42},"end":{"line":32,"column":68}}]},"3":{"line":41,"type":"if","locations":[{"start":{"line":41,"column":20},"end":{"line":41,"column":20}},{"start":{"line":41,"column":20},"end":{"line":41,"column":20}}]}},"code":["/*!"," * apiai"," * Copyright(c) 2015 http://api.ai/"," * Apache 2.0 Licensed"," */","","'use strict';","","var Request = require('./request').Request;","var util = require('util');","","var ServerError = require('./exceptions').ServerError;","","exports.JSONApiRequest = module.exports.JSONApiRequest = JSONApiRequest;","","util.inherits(JSONApiRequest, Request);","","function JSONApiRequest () {","    JSONApiRequest.super_.apply(this, arguments);","}","","JSONApiRequest.prototype._handleResponse = function(response) {","    var self = this;","","    var body = '';","","    response.on('data', function(chunk) {","        body += chunk;","    });","","    response.on('end', function() {","        if (response.statusCode >= 200 && response.statusCode <= 299) {","            try {","                    var json_body = JSON.parse(body);","                    self.emit('resp
[...]
uestSource = application.requestSource;","    }","","    if ('originalRequest' in options) {","        self.originalRequest = options.originalRequest;","    }","","    QueryRequest.super_.apply(this, arguments);","}","","QueryRequest.prototype._requestOptions = function() {","    var self = this;","","    var path = 'query';","","    if (self.hasOwnProperty(\"version\")) {","        path += '?v=' + self.version;","    }","","    var request_options = QueryRequest.super_.prototype._requestOptions.apply(this, arguments);","","    request_options.path = self.endpoint + path;","    request_options.method = 'POST';","","    return request_options;","};","","QueryRequest.prototype._jsonRequestParameters = function() {","    var self = this;","","    var json = {","        'lang': self.language,","        'timezone': self.timezone","    };","","    if ('resetContexts' in self) {","        json.resetContexts = self.resetContexts;","    }","","    if ('contexts' in self) {","        json.contexts = self.contexts;","    }","","    if ('entities' in self) {","        json.entities = self.entities;","    }","","    if ('sessionId' in self) {","        json.sessionId = self.sessionId;","    }","","    if ('originalRequest' in self) {","        json.originalRequest = self.originalRequest;","    }","","    return json;","};",""],"l":{"9":1,"10":1,"12":1,"14":1,"16":1,"17":0,"19":0,"21":0,"22":0,"25":0,"26":0,"29":0,"30":0,"33":0,"34":0,"37":0,"38":0,"40":0,"49":0,"50":0,"53":0,"54":0,"57":0,"58":0,"61":0,"64":1,"65":0,"67":0,"69":0,"70":0,"73":0,"75":0,"76":0,"78":0,"81":1,"82":0,"84":0,"89":0,"90":0,"93":0,"94":0,"97":0,"98":0,"101":0,"102":0,"105":0,"106":0,"109":0}},"/home/travis/build/npmtest/node-npmtest-apiai/node_modules/apiai/module/event_request.js":{"path":"/home/travis/build/npmtest/node-npmtest-apiai/node_modules/apiai/module/event_request.js","s":{"1":1,"2":1,"3":1,"4":1,"5":1,"6":0,"7":0,"8":0,"9":1,"10":0,"11":0,"12":0,"13":1,"14":0,"15":0,"16":0,"17":0,"18":1,"19":0,"20":0,"21":0},"b":{},"f":{"1":0,"2":0,"3":0,"4":0},"fnMap":{"1":{"name":"EventRequest","line":16,"loc":{"start":{"line":16,"column":0},"end":{"line":16,"column":51}}},"2":{"name":"(anonymous_2)","line":23,"loc":{"start":{"line":23,"column":34},"end":{"line":23,"column":45}}},"3":{"name":"(anonymous_3)","line":31,"loc":{"start":{"line":31,"column":48},"end":{"line":31,"column":59}}},"4":{"name":"(anonymous_4)","line":41,"loc":{"start":{"line":41,"column":29},"end":{"line":41,"column":40}}}},"statementMap":{"1":{"start":{"line":9,"column":0},"end":{"line":9,"column":59}},"2":{"start":{"line":10,"column":0},"end":{"line":10,"column":27}},"3":{"start":{"line":12,"column":0},"end":{"line":12,"column":66}},"4":{"start":{"line":14,"column":0},"end":{"line":14,"column":42}},"5":{"start":{"line":16,"column":0},"end":{"line":21,"column":1}},"6":{"start":{"line":17,"column":4},"end":{"line":17,"column":60}},"7":{"start":{"line":19,"column":4},"end":{"line":19,"column":20}},"8":{"start":{"line":20,"column":4},"end":{"line":20,"column":23}},"9":{"start":{"line":23,"column":0},"end":{"line":29,"column":2}},"10":{"start":{"line":24,"column":4},"end":{"line":24,"column":80}},"11":{"start":{"line":26,"column":4},"end":{"line":26,"column":64}},"12":{"start":{"line":28,"column":4},"end":{"line":28,"column":19}},"13":{"start":{"line":31,"column":0},"end":{"line":39,"column":2}},"14":{"start":{"line":32,"column":4},"end":{"line":32,"column":20}},"15":{"start":{"line":34,"column":4},"end":{"line":34,"column":91}},"16":{"start":{"line":36,"column":4},"end":{"line":36,"column":28}},"17":{"start":{"line":38,"column":4},"end":{"line":38,"column":16}},"18":{"start":{"line":41,"column":0},"end":{"line":47,"column":2}},"19":{"start":{"line":42,"column":4},"end":{"line":42,"column":20}},"20":{"start":{"line":44,"column":4},"end":{"line":44,"column":62}},"21":{"start":{"line":46,"column":4},"end":{"line":46,"column":61}}},"branchMap":{},"code":["/*!"," * apiai"," * Copyright(c) 2015 http://api.ai/"," * Apache 2.0 Licensed"," */","","'use strict';","","var QueryRequest = require('./query_request').QueryRequest;","var util = require('util');","","exports.EventRequest = module.exports.EventRequest = EventRequest;","","util.inherits(EventRequest, QueryRequest);","","function EventRequest(application, event, options) {","    EventRequest.super_.apply(this, [application, options]);","","    var self = this;","    self.event = event;","}","","EventRequest.prototype._headers = function() {","    var headers = EventRequest.super_.prototype._headers.apply(this, arguments);","","    headers['Content-Type'] = 'application/json; charset=utf-8';","","    return headers;","};","","EventRequest.prototype._jsonRequestParameters = function() {","    var self = this;","","    var json = EventRequest.super_.prototype._jsonRequestParameters.apply(this, arguments);","","    json.event = self.event;","","    return json;","};","","EventRequest.prototype.end = function() {","    var self = this;","","    self.write(JSON.stringify(self._jsonRequestParameters()));","","    EventRequest.super_.prototype.end.apply(this, arguments);","};",""],"l":{"9":1,"10":1,"12":1,"14":1,"16":1,"17":0,"19":0,"20":0,"23":1,"24":0,"26":0,"28":0,"31":1,"32":0,"34":0,"36":0,"38":0,"41":1,"42":0,"44":0,"46":0}},"/home/travis/build/npmtest/node-npmtest-apiai/node_modules/apiai/module/voice_request.js":{"path":"/home/travis/build/npmtest/node-npmtest-apiai/node_modules/apiai/module/voice_request.js","s":{"1":1,"2":1,"3":1,"4":1,"5":1,"6":1,"7":0,"8":0,"9":0,"10":0,"11":1,"12":0,"13":1,"14":0,"15":0,"16":0,"17":0,"18":0,"19":1,"20":0,"21":0,"22":0,"23":0,"24":0,"25":0,"26":0,"27":0,"28":0,"29":1,"30":0,"31":0,"32":0,"33":0},"b":{},"f":{"1":0,"2":0,"3":0,"4":0,"5":0},"fnMap":{"1":{"name":"VoiceRequest","line":18,"loc":{"start":{"line":18,"column":0},"end":{"line":18,"column":45}}},"2":{"name":"(anonymous_2)","line":27,"loc":{"start":{"line":27,"column":43},"end":{"line":27,"column":54}}},"3":{"name":"(anonymous_3)","line":31,"loc":{"start":{"line":31,"column":34},"end":{"line":31,"column":45}}},"4":{"name":"(anonymous_4)","line":42,"loc":{"start":{"line":42,"column":39},"end":{"line":42,"column":50}}},"5":{"name":"(anonymous_5)","line":58,"loc":{"start":{"line":58,"column":29},"end":{"line":58,"column":40}}}},"statementMap":{"1":{"start":{"line":9,"column":0},"end":{"line":9,"column":59}},"2":{"start":{"line":10,"column":0},"end":{"line":10,"column":27}},"3":{"start":{"line":12,"column":0},"end":{"line":12,"column":66}},"4":{"start":{"line":14,"column":0},"end":{"line":14,"column":18}},"5":{"start":{"line":16,"column":0},"end":{"line":16,"column":42}},"6":{"start":{"line":18,"column":0},"end":{"line":25,"column":1}},"7":{"start":{"line":19,"column":4},"end":{"line":19,"column":20}},"8":{"start":{"line":20,"column":4},"end":{"line":20,"column":45}},"9":{"start":{"line":22,"column":4},"end":{"line":22,"column":60}},"10":{"start":{"line":24,"column":4},"end":{"line":24,"column":25}},"11":{"start":{"line":27,"column":0},"end":{"line":29,"column":2}},"12":{"start":{"line":28,"column":4},"end":{"line":28,"column":45}},"13":{"start":{"line":31,"column":0},"end":{"line":40,"column":2}},"14":{"start":{"line":32,"column":4},"end":{"line":32,"column":20}},"15":{"start":{"line":34,"column":4},"end":{"line":34,"column":80}},"16":{"start":{"line":36,"column":4},"end":{"line":36,"column":79}},"17":{"start":{"line":37,"column":4},"end":{"line":37,"column":45}},"18":{"start":{"line":39,"column":4},"end":{"line":39,"column":19}},"19":{"start":{"line":42,"column":0},"end":{"line":56,"column":2}},"20":{"start":{"line":43,"column":4},"end":{"line":43,"column":20}},"21":{"start":{"line":45,"column":4},"end":{"line":45,"column":43}},"22":{"start":{"line":46,"column":4},"end":{"line":46,"column":68}},"23":{"start":{"line":47,"column":4},"end":{"line":47,"column":59}},"24":{"start":{"line":49,"column":4},"end":{"line":49,"column":58}},"25":{"start":{"line":51,"column":4},"end":{"line":51,"column":47}},"26":{"start":{"line":52,"column":4},"end":{"line":52,"column":70}},"27":{"start":{"line":53,"column":4},"end":{"line":53,"column":52}},"28":{"start":{"line":55,"column":4},"end":{"line":55,"column":21}},"29":{"start":{"line":58,"column":0},"end":{"line":66,"column":2}},"30":{"start":{"line":59,"column":4},"end":{"line":59,"column":20}},"31":{"start":{"line":61,"column":4},"end":{"line":61,"column":66}},"32":{"start":{"line":63,"column":4},"end":{"line":63,"column":30}},"33":{"start":{"line":65,"column":4},"end":{"line":65,"column":61}}},"branchMap":{},"code":["/*!"," * apiai"," * Copyright(c) 2015 http://api.ai/"," * Apache 2.0 Licensed"," */","","'use strict';","","var QueryRequest = require('./query_request').QueryRequest;","var util = require('util');","","exports.VoiceRequest = module.exports.VoiceRequest = VoiceRequest;","","var CRLF = '\\r\\n';","","util.inherits(VoiceRequest, QueryRequest);","","function VoiceRequest (application, options) {","    var self = this;","    self.boundary = self._generateBoundary();","","    VoiceRequest.super_.apply(this, [application, options]);","","    self._sendMetaData();","}","","VoiceRequest.prototype._generateBoundary = function() {","    return (new Date()).getTime().toString();","};","","VoiceRequest.prototype._headers = function() {","    var self = this;","","    var headers = VoiceRequest.super_.prototype._headers.apply(this, arguments);","","    headers['Content-Type'] = 'multipart/form-data; boundary=' + self.boundary;","    headers['Transfer-Encoding'] = 'chunked';","","    return headers;","};","","VoiceRequest.prototype._sendMetaData = function() {","    var self = this;","","    var data = '--' + self.boundary + CRLF;","    data += 'Content-Disposition: form-data; name=\"request\"' + CRLF;","    data += \"Content-Type: application/json\" + CRLF + CRLF;","","    data += JSON.stringify(self._jsonRequestParameters());","","    data += CRLF + '--' + self.boundary + CRLF;","    data += 'Content-Disposition: form-data; name=\"voiceData\"' + CRLF;","    data += 'Content-Type: audio/wav' + CRLF + CRLF;","","    self.write(data);","};","","VoiceRequest.prototype.end = function() {","    var self = this;","","    var lastDataChunk = CRLF + '--' + self.boundary + '--' + CRLF;","","    self.write(lastDataChunk);","","    VoiceRequest.super_.prototype.end.apply(this, arguments);","};",""],"l":{"9":1,"10":1,"12":1,"14":1,"16":1,"18":1,"19":0,"20":0,"22":0,"24":0,"27":1,"28":0,"31":1,"32":0,"34":0,"36":0,"37":0,"39":0,"42":1,"43":0,"45":0,"46":0,"47":0,"49":0,"51":0,"52":0,"53":0,"55":0,"58":1,"59":0,"61":0,"63":0,"65":0}},"/home/travis/build/npmtest/node-npmtest-apiai/node_modules/apiai/module/user_entities_request.js":{"path":"/home/travis/build/npmtest/node-npmtest-apiai/node_modules/apiai/module/user_entities_request.js","s":{"1":1,"2":1,"3":1,"4":1,"5":1,"6":0,"7":0,"8":0,"9":1,"10":0,"11":0,"12":0,"13":1,"14":0,"15":0,"16":0,"17":0,"18":1,"19":0,"20":0,"21":0,"22":0,"23":0},"b":{"1":[0,0],"2":[0,0]},"f":{"1":0,"2":0,"3":0,"4":0},"fnMap":{"1":{"name":"UserEntitiesRequest","line":16,"loc":{"start":{"line":16,"column":0},"end":{"line":16,"column":71}}},"2":{"name":"(anonymous_2)","line":24,"loc":{"start":{"line":24,"column":41},"end":{"line":24,"column":52}}},"3":{"name":"(anonymous_3)","line":32,"loc":{"start":{"line":32,"column":48},"end":{"line":32,"column":59}}},"4":{"name":"(anonymous_4)","line":41,"loc":{"start":{"line":41,"column":36},"end":{"line":41,"column":47}}}},"statementMap":{"1":{"start":{"line":9,"column":0},"end":{"line":9,"column":66}},"2":{"start":{"line":10,"column":0},"end":{"line":10,"column":27}},"3":{"start":{"line":12,"column":0},"end":{"line":12,"column":87}},"4":{"start":{"line":14,"column":0},"end":{"line":14,"column":51}},"5":{"start":{"line":16,"column":0},"end":{"line":22,"column":1}},"6":{"start":{"line":17,"column":4},"end":{"line":17,"column":20}},"7":{"start":{"line":19,"column":4},"end":{"line":19,"column":49}},"8":{"start":{"line":21,"column":4},"end":{"line":21,"column":67}},"9":{"start":{"line":24,"column":0},"end":{"line":30,"column":2}},"10":{"start":{"line":25,"column":4},"end":{"line":25,"column":87}},"11":{"start":{"line":27,"column":4},"end":{"line":27,"column":64}},"12":{"start":{"line":29,"column":4},"end":{"line":29,"column":19}},"13":{"start":{"line":32,"column":0},"end":{"line":39,"column":2}},"14":{"start":{"line":33,"column":4},"end":{"line":33,"column":102}},"15":{"start":{"line":35,"column":4},"end":{"line":35,"column":58}},"16":{"start":{"line":36,"column":4},"end":{"line":36,"column":36}},"17":{"start":{"line":38,"column":4},"end":{"line":38,"column":27}},"18":{"start":{"line":41,"column":0},"end":{"line":59,"column":2}},"19":{"start":{"line":42,"column":4},"end":{"line":42,"column":20}},"20":{"start":{"line":44,"column":4},"end":{"line":54,"column":5}},"21":{"start":{"line":49,"column":8},"end":{"line":53,"column":10}},"22":{"start":{"line":56,"column":4},"end":{"line":56,"column":56}},"23":{"start":{"line":58,"column":4},"end":{"line":58,"column":68}}},"branchMap":{"1":{"line":44,"type":"if","locations":[{"start":{"line":44,"column":4},"end":{"line":44,"column":4}},{"start":{"line":44,"column":4},"end":{"line":44,"column":4}}]},"2":{"line":45,"type":"binary-expr","locations":[{"start":{"line":45,"column":9},"end":{"line":45,"column":40}},{"start":{"line":46,"column":9},"end":{"line":46,"column":49}}]}},"code":["/*!"," * apiai"," * Copyright(c) 2015 http://api.ai/"," * Apache 2.0 Licensed"," */","","'use strict';","","var JSONApiRequest = require('./json_api_request').JSONApiRequest;","var util = require('util');","","exports.UserEntitiesRequest = module.exports.UserEntitiesRequest = UserEntitiesRequest;","","util.inherits(UserEntitiesRequest, JSONApiRequest);","","function UserEntitiesRequest(application, user_entities_body, options) {","    var self = this;","","    self.user_entities_body = user_entities_body;","","    UserEntitiesRequest.super_.apply(this, [application, options]);","}","","UserEntitiesRequest.prototype._headers = function() {","    var headers = UserEntitiesRequest.super_.prototype._headers.apply(this, arguments);","","    headers['Content-Type'] = 'application/json; charset=utf-8';","","    return headers;","};","","UserEntitiesRequest.prototype._requestOptions = function() {","    var request_options = UserEntitiesRequest.super_.prototype._requestOptions.apply(this, arguments);","","    request_options.path = this.endpoint + 'userEntities';","    request_options.method = 'POST';","","    return request_options;","};","","UserEntitiesRequest.prototype.end = function() {","    var self = this;","","    if (","        (!('user_entities_body' in self)) ||","        (!('entities' in self.user_entities_body))","       )","    {","        throw Error(","            'Data format for user untities request was changed. \\n' +","            'See details: https://docs.api.ai/docs/userentities \\n' +","            '...or see examples.'","        );","    }","","    self.write(JSON.stringify(self.user_entities_body));","","    UserEntitiesRequest.super_.prototype.end.apply(this, arguments);","};",""],"l":{"9":1,"10":1,"12":1,"14":1,"16":1,"17":0,"19":0,"21":0,"24":1,"25":0,"27":0,"29":0,"32":1,"33":0,"35":0,"36":0,"38":0,"41":1,"42":0,"44":0,"49":0,"56":0,"58":0}},"/home/travis/build/npmtest/node-npmtest-apiai/node_modules/apiai/module/tts_request.js":{"path":"/home/travis/build/npmtest/node-npmtest-apiai/node_modules/apiai/module/tts_request.js","s":{"1":1,"2":1,"3":1,"4":1,"5":1,"6":0,"7":0,"8":0,"9":0,"10":0,"11":0,"12":0,"13":1,"14":0,"15":0,"16":0,"17":0,"18":1,"19":0,"20":0,"21":0,"22":0,"23":0,"24":1,"25":0,"26":0},"b":{"1":[0,0,0],"2":[0,0]},"f":{"1":0,"2":0,"3":0,"4":0},"fnMap":{"1":{"name":"TTSRequest","line":16,"loc":{"start":{"line":16,"column":0},"end":{"line":16,"column":48}}},"2":{"name":"(anonymous_2)","line":32,"loc":{"start":{"line":32,"column":32},"end":{"line":32,"column":43}}},"3":{"name":"(anonymous_3)","line":41,"loc":{"start":{"line":41,"column":39},"end":{"line":41,"column":50}}},"4":{"name":"(anonymous_4)","line":51,"loc":{"start":{"line":51,"column":39},"end":{"line":51,"column":58}}}},"statementMap":{"1":{"start":{"line":9,"column":0},"end":{"line":9,"column":43}},"2":{"start":{"line":10,"column":0},"end":{"line":10,"column":27}},"3":{"start":{"line":12,"column":0},"end":{"line":12,"column":60}},"4":{"start":{"line":14,"column":0},"end":{"line":14,"column":35}},"5":{"start":{"line":16,"column":0},"end":{"line":30,"column":1}},"6":{"start":{"line":17,"column":4},"end":{"line":17,"column":20}},"7":{"start":{"line":19,"column":4},"end":{"line":19,"column":21}},"8":{"start":{"line":21,"column":4},"end":{"line":21,"column":64}},"9":{"start":{"line":23,"column":4},"end":{"line":27,"column":5}},"10":{"start":{"line":24,"column":8},"end":{"line":24,"column":47}},"11":{"start":{"line":26,"column":8},"end":{"line":26,"column":60}},"12":{"start":{"line":29,"column":4},"end":{"line":29,"column":58}},"13":{"start":{"line":32,"column":0},"end":{"line":39,"column":2}},"14":{"start":{"line":33,"column":4},"end":{"line":33,"column":20}},"15":{"start":{"line":34,"column":4},"end":{"line":34,"column":78}},"16":{"start":{"line":36,"column":4},"end":{"line":36,"column":47}},"17":{"start":{"line":38,"column":4},"end":{"line":38,"column":19}},"18":{"start":{"line":41,"column":0},"end":{"line":49,"column":2}},"19":{"start":{"line":42,"column":4},"end":{"line":42,"column":20}},"20":{"start":{"line":43,"column":4},"end":{"line":43,"column":93}},"21":{"start":{"line":45,"column":4},"end":{"line":45,"column":78}},"22":{"start":{"line":46,"column":4},"end":{"line":46,"column":35}},"23":{"start":{"line":48,"column":4},"end":{"line":48,"column":27}},"24":{"start":{"line":51,"column":0},"end":{"line":54,"column":2}},"25":{"start":{"line":52,"column":4},"end":{"line":52,"column":20}},"26":{"start":{"line":53,"column":4},"end":{"line":53,"column":36}}},"branchMap":{"1":{"line":21,"type":"binary-expr","locations":[{"start":{"line":21,"column":20},"end":{"line":21,"column":36}},{"start":{"line":21,"column":40},"end":{"line":21,"column":52}},{"start":{"line":21,"column":56},"end":{"line":21,"column":63}}]},"2":{"line":23,"type":"if","locations":[{"start":{"line":23,"column":4},"end":{"line":23,"column":4}},{"start":{"line":23,"column":4},"end":{"line":23,"column":4}}]}},"code":["/*!"," * apiai"," * Copyright(c) 2015 http://api.ai/"," * Apache 2.0 Licensed"," */","","'use strict';","","var Request = require('./request').Request;","var util = require('util');","","exports.TTSRequest = module.exports.TTSRequest = TTSRequest;","","util.inherits(TTSRequest, Request);","","function TTSRequest(application, text, options) {","    var self = this;","","    self.text = text;","","    self.language = options.language || options.lang || 'en-US';","","    if('writeStream' in options){","        self.writeStream = options.writeStream;","    } else {","        throw new Error('\\'writeStream\\' cannot be empty.');","    }","","    TTSRequest.super_.apply(this, [application, options]);","}","","TTSRequest.prototype._headers = function() {","    var self = this;","    var headers = TTSRequest.super_.prototype._headers.apply(this, arguments);","","    headers['Accept-Language'] = self.language;","","    return headers;","};","","TTSRequest.prototype._requestOptions = function() {","    var self = this;","    var request_options = TTSRequest.super_.prototype._requestOptions.apply(this, arguments);","","    request_options.path = self.endpoint + 'tts?text=' + encodeURI(self.text);","    request_options.method = 'GET';","","    return request_options;","};","","TTSRequest.prototype._handleResponse = function(response) {","    var self = this;","    response.pipe(self.writeStream);","};","",""],"l":{"9":1,"10":1,"12":1,"14":1,"16":1,"17":0,"19":0,"21":0,"23":0,"24":0,"26":0,"29":0,"32":1,"33":0,"34":0,"36":0,"38":0,"41":1,"42":0,"43":0,"45":0,"46":0,"48":0,"51":1,"52":0,"53":0}}}